Log file open, 09/17/20 13:57:21
LogInit: Display: Running engine for game: Animate_Girl
LogPlatformFile: Not using cached read wrapper
LogTaskGraph: Started task graph with 5 named threads and 23 total threads with 3 sets of task threads.
LogStats: Stats thread started at 0.166189
LogD3D11RHI: Loaded GFSDK_Aftermath_Lib.x64.dll
LogICUInternationalization: ICU TimeZone Detection - Raw Offset: -5:00, Platform Override: ''
LogPluginManager: Mounting plugin Paper2D
LogPluginManager: Mounting plugin AISupport
LogPluginManager: Mounting plugin LightPropagationVolume
LogPluginManager: Mounting plugin CameraShakePreviewer
LogPluginManager: Mounting plugin ActorLayerUtilities
LogPluginManager: Mounting plugin AnimationSharing
LogPluginManager: Mounting plugin CLionSourceCodeAccess
LogPluginManager: Mounting plugin CodeLiteSourceCodeAccess
LogPluginManager: Mounting plugin GitSourceControl
LogPluginManager: Mounting plugin KDevelopSourceCodeAccess
LogPluginManager: Mounting plugin NullSourceCodeAccess
LogPluginManager: Mounting plugin PerforceSourceControl
LogPluginManager: Mounting plugin PlasticSourceControl
LogPluginManager: Mounting plugin RiderSourceCodeAccess
LogPluginManager: Mounting plugin SubversionSourceControl
LogPluginManager: Mounting plugin UObjectPlugin
LogPluginManager: Mounting plugin VisualStudioCodeSourceCodeAccess
LogPluginManager: Mounting plugin VisualStudioSourceCodeAccess
LogPluginManager: Mounting plugin XCodeSourceCodeAccess
LogPluginManager: Mounting plugin AssetManagerEditor
LogPluginManager: Mounting plugin CryptoKeys
LogPluginManager: Mounting plugin CurveEditorTools
LogPluginManager: Mounting plugin DataValidation
LogPluginManager: Mounting plugin EditorScriptingUtilities
LogPluginManager: Mounting plugin FacialAnimation
LogPluginManager: Mounting plugin GameplayTagsEditor
LogPluginManager: Mounting plugin GeometryMode
LogPluginManager: Mounting plugin MacGraphicsSwitching
LogPluginManager: Mounting plugin MaterialAnalyzer
LogPluginManager: Mounting plugin MobileLauncherProfileWizard
LogPluginManager: Mounting plugin PluginBrowser
LogPluginManager: Mounting plugin SpeedTreeImporter
LogPluginManager: Mounting plugin DatasmithContent
LogPluginManager: Mounting plugin VariantManagerContent
LogPluginManager: Mounting plugin AlembicImporter
LogPluginManager: Mounting plugin AutomationUtils
LogPluginManager: Mounting plugin BackChannel
LogPluginManager: Mounting plugin ChaosCloth
LogPluginManager: Mounting plugin ChaosClothEditor
LogPluginManager: Mounting plugin ChaosEditor
LogPluginManager: Mounting plugin ChaosNiagara
LogPluginManager: Mounting plugin ChaosSolverPlugin
LogPluginManager: Mounting plugin CharacterAI
LogPluginManager: Mounting plugin GeometryCache
LogPluginManager: Mounting plugin GeometryCollectionPlugin
LogPluginManager: Mounting plugin GeometryProcessing
LogPluginManager: Mounting plugin PlanarCut
LogPluginManager: Mounting plugin PlatformCrypto
LogPluginManager: Mounting plugin ProxyLODPlugin
LogPluginManager: Mounting plugin SkeletalReduction
LogPluginManager: Mounting plugin Niagara
LogPluginManager: Mounting plugin MagicLeap
LogPluginManager: Mounting plugin MagicLeapLightEstimation
LogPluginManager: Mounting plugin MagicLeapMedia
LogPluginManager: Mounting plugin MagicLeapPassableWorld
LogPluginManager: Mounting plugin MLSDK
LogPluginManager: Mounting plugin AndroidMedia
LogPluginManager: Mounting plugin AvfMedia
LogPluginManager: Mounting plugin ImgMedia
LogPluginManager: Mounting plugin MediaCompositing
LogPluginManager: Mounting plugin MediaPlayerEditor
LogPluginManager: Mounting plugin WebMMedia
LogPluginManager: Mounting plugin WmfMedia
LogPluginManager: Mounting plugin MeshPainting
LogPluginManager: Mounting plugin TcpMessaging
LogPluginManager: Mounting plugin UdpMessaging
LogPluginManager: Mounting plugin ActorSequence
LogPluginManager: Mounting plugin LevelSequenceEditor
LogPluginManager: Mounting plugin MatineeToLevelSequence
LogPluginManager: Mounting plugin MovieRenderPipeline
LogPluginManager: Mounting plugin TemplateSequence
LogPluginManager: Mounting plugin NetcodeUnitTest
LogPluginManager: Mounting plugin NUTUnrealEngine4
LogPluginManager: Mounting plugin OnlineSubsystemGooglePlay
LogPluginManager: Mounting plugin OnlineSubsystemIOS
LogPluginManager: Mounting plugin OnlineSubsystem
LogPluginManager: Mounting plugin OnlineSubsystemNull
LogPluginManager: Mounting plugin OnlineSubsystemUtils
LogPluginManager: Mounting plugin LauncherChunkInstaller
LogPluginManager: Mounting plugin AndroidDeviceProfileSelector
LogPluginManager: Mounting plugin AndroidMoviePlayer
LogPluginManager: Mounting plugin AndroidPermission
LogPluginManager: Mounting plugin AppleImageUtils
LogPluginManager: Mounting plugin AppleMoviePlayer
LogPluginManager: Mounting plugin ArchVisCharacter
LogPluginManager: Mounting plugin AssetTags
LogPluginManager: Mounting plugin AudioCapture
LogPluginManager: Mounting plugin CableComponent
LogPluginManager: Mounting plugin CustomMeshComponent
LogPluginManager: Mounting plugin EditableMesh
LogPluginManager: Mounting plugin ExampleDeviceProfileSelector
LogPluginManager: Mounting plugin GoogleCloudMessaging
LogPluginManager: Mounting plugin GooglePAD
LogPluginManager: Mounting plugin IOSDeviceProfileSelector
LogPluginManager: Mounting plugin LinuxDeviceProfileSelector
LogPluginManager: Mounting plugin LocationServicesBPLibrary
LogPluginManager: Mounting plugin MobilePatchingUtils
LogPluginManager: Mounting plugin OculusVR
LogPluginManager: Mounting plugin PhysXVehicles
LogPluginManager: Mounting plugin PostSplashScreen
LogPluginManager: Mounting plugin ProceduralMeshComponent
LogPluginManager: Mounting plugin RuntimePhysXCooking
LogPluginManager: Mounting plugin SignificanceManager
LogPluginManager: Mounting plugin SoundFields
LogPluginManager: Mounting plugin SteamVR
LogPluginManager: Mounting plugin Synthesis
LogPluginManager: Mounting plugin WebMMoviePlayer
LogPluginManager: Mounting plugin WindowsMoviePlayer
LogPluginManager: Mounting plugin ScreenshotTools
LogInit: Using libcurl 7.55.1-DEV
LogInit:  - built for x86_64-pc-win32
LogInit:  - supports SSL with OpenSSL/1.1.1
LogInit:  - supports HTTP deflate (compression) using libz 1.2.8
LogInit:  - other features:
LogInit:      CURL_VERSION_SSL
LogInit:      CURL_VERSION_LIBZ
LogInit:      CURL_VERSION_IPV6
LogInit:      CURL_VERSION_ASYNCHDNS
LogInit:      CURL_VERSION_LARGEFILE
LogInit:      CURL_VERSION_IDN
LogInit:  CurlRequestOptions (configurable via config and command line):
LogInit:  - bVerifyPeer = true  - Libcurl will verify peer certificate
LogInit:  - bUseHttpProxy = false  - Libcurl will NOT use HTTP proxy
LogInit:  - bDontReuseConnections = false  - Libcurl will reuse connections
LogInit:  - MaxHostConnections = 16  - Libcurl will limit the number of connections to a host
LogInit:  - LocalHostAddr = Default
LogInit:  - BufferSize = 65536
LogOnline: OSS: Creating online subsystem instance for: NULL
LogInit: WinSock: version 1.1 (2.2), MaxSocks=32767, MaxUdp=65467
LogOnline: OSS: TryLoadSubsystemAndSetDefault: Loaded subsystem for module [NULL]
LogInit: Build: ++UE4+Release-4.25-CL-13942748
LogInit: Engine Version: 4.25.3-13942748+++UE4+Release-4.25
LogInit: Compatible Engine Version: 4.25.0-13144385+++UE4+Release-4.25
LogInit: Net CL: 13144385
LogInit: OS: Windows 10 (Release 1909) (), CPU: Intel(R) Core(TM) i7-7700 CPU @ 3.60GHz, GPU: NVIDIA GeForce GTX 1070
LogInit: Compiled (64-bit): Jul 25 2020 02:07:48
LogInit: Compiled with Visual C++: 19.24.28315.00
LogInit: Build Configuration: Development
LogInit: Branch Name: ++UE4+Release-4.25
LogInit: Command Line: 
LogInit: Base Directory: C:/Program Files/Epic Games/UE_4.25/Engine/Binaries/Win64/
LogInit: Allocator: TBB
LogInit: Installed Engine Build: 1
LogDevObjectVersion: Number of dev versions registered: 26
LogDevObjectVersion:   Dev-Blueprints (B0D832E4-1F89-4F0D-ACCF-7EB736FD4AA2): 10
LogDevObjectVersion:   Dev-Build (E1C64328-A22C-4D53-A36C-8E866417BD8C): 0
LogDevObjectVersion:   Dev-Core (375EC13C-06E4-48FB-B500-84F0262A717E): 4
LogDevObjectVersion:   Dev-Editor (E4B068ED-F494-42E9-A231-DA0B2E46BB41): 38
LogDevObjectVersion:   Dev-Framework (CFFC743F-43B0-4480-9391-14DF171D2073): 37
LogDevObjectVersion:   Dev-Mobile (B02B49B5-BB20-44E9-A304-32B752E40360): 2
LogDevObjectVersion:   Dev-Networking (A4E4105C-59A1-49B5-A7C5-40C4547EDFEE): 0
LogDevObjectVersion:   Dev-Online (39C831C9-5AE6-47DC-9A44-9C173E1C8E7C): 0
LogDevObjectVersion:   Dev-Physics (78F01B33-EBEA-4F98-B9B4-84EACCB95AA2): 4
LogDevObjectVersion:   Dev-Platform (6631380F-2D4D-43E0-8009-CF276956A95A): 0
LogDevObjectVersion:   Dev-Rendering (12F88B9F-8875-4AFC-A67C-D90C383ABD29): 43
LogDevObjectVersion:   Dev-Sequencer (7B5AE74C-D270-4C10-A958-57980B212A5A): 12
LogDevObjectVersion:   Dev-VR (D7296918-1DD6-4BDD-9DE2-64A83CC13884): 3
LogDevObjectVersion:   Dev-LoadTimes (C2A15278-BFE7-4AFE-6C17-90FF531DF755): 1
LogDevObjectVersion:   Private-Geometry (6EACA3D4-40EC-4CC1-B786-8BED09428FC5): 3
LogDevObjectVersion:   Dev-AnimPhys (29E575DD-E0A3-4627-9D10-D276232CDCEA): 17
LogDevObjectVersion:   Dev-Anim (AF43A65D-7FD3-4947-9873-3E8ED9C1BB05): 7
LogDevObjectVersion:   Dev-ReflectionCapture (6B266CEC-1EC7-4B8F-A30B-E4D90942FC07): 1
LogDevObjectVersion:   Dev-Automation (0DF73D61-A23F-47EA-B727-89E90C41499A): 1
LogDevObjectVersion:   FortniteMain (601D1886-AC64-4F84-AA16-D3DE0DEAC7D6): 31
LogDevObjectVersion:   Dev-Enterprise (9DFFBCD6-494F-0158-E221-12823C92A888): 10
LogDevObjectVersion:   Dev-Niagara (F2AED0AC-9AFE-416F-8664-AA7FFA26D6FC): 1
LogDevObjectVersion:   Dev-Destruction (174F1F0B-B4C6-45A5-B13F-2EE8D0FB917D): 10
LogDevObjectVersion:   Dev-Physics-Ext (35F94A83-E258-406C-A318-09F59610247C): 37
LogDevObjectVersion:   Dev-PhysicsMaterial-Chaos (B68FC16E-8B1B-42E2-B453-215C058844FE): 1
LogDevObjectVersion:   Dev-CineCamera (B2E18506-4273-CFC2-A54E-F4BB758BBA07): 1
LogInit: Presizing for max 25165824 objects, including 0 objects not considered by GC, pre-allocating 0 bytes for permanent pool.
LogConfig: Applying CVar settings from Section [/Script/Engine.StreamingSettings] File [C:/Users/kpearso1/Desktop/Animate_Girl/Saved/Config/Windows/Engine.ini]
LogConfig: Setting CVar [[s.MinBulkDataSizeForAsyncLoading:131072]]
LogConfig: Setting CVar [[s.AsyncLoadingThreadEnabled:0]]
LogConfig: Setting CVar [[s.EventDrivenLoaderEnabled:1]]
LogConfig: Setting CVar [[s.WarnIfTimeLimitExceeded:0]]
LogConfig: Setting CVar [[s.TimeLimitExceededMultiplier:1.5]]
LogConfig: Setting CVar [[s.TimeLimitExceededMinTime:0.005]]
LogConfig: Setting CVar [[s.UseBackgroundLevelStreaming:1]]
LogConfig: Setting CVar [[s.PriorityAsyncLoadingExtraTime:15.0]]
LogConfig: Setting CVar [[s.LevelStreamingActorsUpdateTimeLimit:5.0]]
LogConfig: Setting CVar [[s.PriorityLevelStreamingActorsUpdateExtraTime:5.0]]
LogConfig: Setting CVar [[s.LevelStreamingComponentsRegistrationGranularity:10]]
LogConfig: Setting CVar [[s.UnregisterComponentsTimeLimit:1.0]]
LogConfig: Setting CVar [[s.LevelStreamingComponentsUnregistrationGranularity:5]]
LogConfig: Setting CVar [[s.FlushStreamingOnExit:1]]
LogInit: Object subsystem initialized
LogConfig: Setting CVar [[con.DebugEarlyDefault:1]]
LogConfig: Setting CVar [[r.setres:1280x720]]
[2020.09.17-17.57.21:912][  0]LogConfig: Setting CVar [[r.VSync:0]]
[2020.09.17-17.57.21:912][  0]LogConfig: Setting CVar [[r.RHICmdBypass:0]]
[2020.09.17-17.57.21:912][  0]LogConfig: Applying CVar settings from Section [/Script/Engine.RendererSettings] File [C:/Users/kpearso1/Desktop/Animate_Girl/Saved/Config/Windows/Engine.ini]
[2020.09.17-17.57.21:912][  0]LogConfig: Setting CVar [[r.GPUCrashDebugging:0]]
[2020.09.17-17.57.21:912][  0]LogConfig: Setting CVar [[r.MobileHDR:0]]
[2020.09.17-17.57.21:912][  0]LogConfig: Applying CVar settings from Section [/Script/Engine.RendererOverrideSettings] File [C:/Users/kpearso1/Desktop/Animate_Girl/Saved/Config/Windows/Engine.ini]
[2020.09.17-17.57.21:912][  0]LogConfig: Applying CVar settings from Section [/Script/Engine.StreamingSettings] File [C:/Users/kpearso1/Desktop/Animate_Girl/Saved/Config/Windows/Engine.ini]
[2020.09.17-17.57.21:912][  0]LogConfig: Setting CVar [[s.MinBulkDataSizeForAsyncLoading:131072]]
[2020.09.17-17.57.21:912][  0]LogConfig: Setting CVar [[s.AsyncLoadingThreadEnabled:0]]
[2020.09.17-17.57.21:912][  0]LogConfig: Setting CVar [[s.EventDrivenLoaderEnabled:1]]
[2020.09.17-17.57.21:912][  0]LogConfig: Setting CVar [[s.WarnIfTimeLimitExceeded:0]]
[2020.09.17-17.57.21:912][  0]LogConfig: Setting CVar [[s.TimeLimitExceededMultiplier:1.5]]
[2020.09.17-17.57.21:912][  0]LogConfig: Setting CVar [[s.TimeLimitExceededMinTime:0.005]]
[2020.09.17-17.57.21:912][  0]LogConfig: Setting CVar [[s.UseBackgroundLevelStreaming:1]]
[2020.09.17-17.57.21:912][  0]LogConfig: Setting CVar [[s.PriorityAsyncLoadingExtraTime:15.0]]
[2020.09.17-17.57.21:912][  0]LogConfig: Setting CVar [[s.LevelStreamingActorsUpdateTimeLimit:5.0]]
[2020.09.17-17.57.21:912][  0]LogConfig: Setting CVar [[s.PriorityLevelStreamingActorsUpdateExtraTime:5.0]]
[2020.09.17-17.57.21:912][  0]LogConfig: Setting CVar [[s.LevelStreamingComponentsRegistrationGranularity:10]]
[2020.09.17-17.57.21:912][  0]LogConfig: Setting CVar [[s.UnregisterComponentsTimeLimit:1.0]]
[2020.09.17-17.57.21:912][  0]LogConfig: Setting CVar [[s.LevelStreamingComponentsUnregistrationGranularity:5]]
[2020.09.17-17.57.21:912][  0]LogConfig: Setting CVar [[s.FlushStreamingOnExit:1]]
[2020.09.17-17.57.21:912][  0]LogConfig: Applying CVar settings from Section [/Script/Engine.GarbageCollectionSettings] File [C:/Users/kpearso1/Desktop/Animate_Girl/Saved/Config/Windows/Engine.ini]
[2020.09.17-17.57.21:912][  0]LogConfig: Setting CVar [[gc.MaxObjectsNotConsideredByGC:1]]
[2020.09.17-17.57.21:912][  0]LogConfig: Setting CVar [[gc.SizeOfPermanentObjectPool:0]]
[2020.09.17-17.57.21:912][  0]LogConfig: Setting CVar [[gc.FlushStreamingOnGC:0]]
[2020.09.17-17.57.21:912][  0]LogConfig: Setting CVar [[gc.NumRetriesBeforeForcingGC:10]]
[2020.09.17-17.57.21:912][  0]LogConfig: Setting CVar [[gc.AllowParallelGC:1]]
[2020.09.17-17.57.21:912][  0]LogConfig: Setting CVar [[gc.TimeBetweenPurgingPendingKillObjects:61.1]]
[2020.09.17-17.57.21:912][  0]LogConfig: Setting CVar [[gc.MaxObjectsInEditor:25165824]]
[2020.09.17-17.57.21:912][  0]LogConfig: Setting CVar [[gc.IncrementalBeginDestroyEnabled:1]]
[2020.09.17-17.57.21:912][  0]LogConfig: Setting CVar [[gc.CreateGCClusters:1]]
[2020.09.17-17.57.21:912][  0]LogConfig: Setting CVar [[gc.MinGCClusterSize:5]]
[2020.09.17-17.57.21:912][  0]LogConfig: Setting CVar [[gc.ActorClusteringEnabled:0]]
[2020.09.17-17.57.21:912][  0]LogConfig: Setting CVar [[gc.BlueprintClusteringEnabled:0]]
[2020.09.17-17.57.21:912][  0]LogConfig: Setting CVar [[gc.UseDisregardForGCOnDedicatedServers:0]]
[2020.09.17-17.57.21:912][  0]LogConfig: Applying CVar settings from Section [/Script/Engine.NetworkSettings] File [C:/Users/kpearso1/Desktop/Animate_Girl/Saved/Config/Windows/Engine.ini]
[2020.09.17-17.57.21:912][  0]LogConfig: Applying CVar settings from Section [/Script/UnrealEd.CookerSettings] File [C:/Users/kpearso1/Desktop/Animate_Girl/Saved/Config/Windows/Engine.ini]
[2020.09.17-17.57.21:914][  0]LogConfig: Applying CVar settings from Section [ViewDistanceQuality@3] File [C:/Users/kpearso1/Desktop/Animate_Girl/Saved/Config/Windows/Scalability.ini]
[2020.09.17-17.57.21:914][  0]LogConfig: Setting CVar [[r.SkeletalMeshLODBias:0]]
[2020.09.17-17.57.21:914][  0]LogConfig: Setting CVar [[r.ViewDistanceScale:1.0]]
[2020.09.17-17.57.21:914][  0]LogConfig: Applying CVar settings from Section [AntiAliasingQuality@3] File [C:/Users/kpearso1/Desktop/Animate_Girl/Saved/Config/Windows/Scalability.ini]
[2020.09.17-17.57.21:914][  0]LogConfig: Setting CVar [[r.PostProcessAAQuality:4]]
[2020.09.17-17.57.21:914][  0]LogConfig: Applying CVar settings from Section [ShadowQuality@3] File [C:/Users/kpearso1/Desktop/Animate_Girl/Saved/Config/Windows/Scalability.ini]
[2020.09.17-17.57.21:914][  0]LogConfig: Setting CVar [[r.LightFunctionQuality:1]]
[2020.09.17-17.57.21:914][  0]LogConfig: Setting CVar [[r.ShadowQuality:5]]
[2020.09.17-17.57.21:914][  0]LogConfig: Setting CVar [[r.Shadow.CSM.MaxCascades:10]]
[2020.09.17-17.57.21:915][  0]LogConfig: Setting CVar [[r.Shadow.MaxResolution:2048]]
[2020.09.17-17.57.21:915][  0]LogConfig: Setting CVar [[r.Shadow.MaxCSMResolution:2048]]
[2020.09.17-17.57.21:915][  0]LogConfig: Setting CVar [[r.Shadow.RadiusThreshold:0.01]]
[2020.09.17-17.57.21:915][  0]LogConfig: Setting CVar [[r.Shadow.DistanceScale:1.0]]
[2020.09.17-17.57.21:915][  0]LogConfig: Setting CVar [[r.Shadow.CSM.TransitionScale:1.0]]
[2020.09.17-17.57.21:915][  0]LogConfig: Setting CVar [[r.Shadow.PreShadowResolutionFactor:1.0]]
[2020.09.17-17.57.21:915][  0]LogConfig: Setting CVar [[r.DistanceFieldShadowing:1]]
[2020.09.17-17.57.21:915][  0]LogConfig: Setting CVar [[r.DistanceFieldAO:1]]
[2020.09.17-17.57.21:915][  0]LogConfig: Setting CVar [[r.AOQuality:2]]
[2020.09.17-17.57.21:915][  0]LogConfig: Setting CVar [[r.VolumetricFog:1]]
[2020.09.17-17.57.21:915][  0]LogConfig: Setting CVar [[r.VolumetricFog.GridPixelSize:8]]
[2020.09.17-17.57.21:915][  0]LogConfig: Setting CVar [[r.VolumetricFog.GridSizeZ:128]]
[2020.09.17-17.57.21:915][  0]LogConfig: Setting CVar [[r.VolumetricFog.HistoryMissSupersampleCount:4]]
[2020.09.17-17.57.21:915][  0]LogConfig: Setting CVar [[r.LightMaxDrawDistanceScale:1]]
[2020.09.17-17.57.21:915][  0]LogConfig: Setting CVar [[r.CapsuleShadows:1]]
[2020.09.17-17.57.21:915][  0]LogConfig: Applying CVar settings from Section [PostProcessQuality@3] File [C:/Users/kpearso1/Desktop/Animate_Girl/Saved/Config/Windows/Scalability.ini]
[2020.09.17-17.57.21:915][  0]LogConfig: Setting CVar [[r.MotionBlurQuality:4]]
[2020.09.17-17.57.21:915][  0]LogConfig: Setting CVar [[r.AmbientOcclusionMipLevelFactor:0.4]]
[2020.09.17-17.57.21:915][  0]LogConfig: Setting CVar [[r.AmbientOcclusionMaxQuality:100]]
[2020.09.17-17.57.21:915][  0]LogConfig: Setting CVar [[r.AmbientOcclusionLevels:-1]]
[2020.09.17-17.57.21:915][  0]LogConfig: Setting CVar [[r.AmbientOcclusionRadiusScale:1.0]]
[2020.09.17-17.57.21:915][  0]LogConfig: Setting CVar [[r.DepthOfFieldQuality:2]]
[2020.09.17-17.57.21:915][  0]LogConfig: Setting CVar [[r.RenderTargetPoolMin:400]]
[2020.09.17-17.57.21:915][  0]LogConfig: Setting CVar [[r.LensFlareQuality:2]]
[2020.09.17-17.57.21:915][  0]LogConfig: Setting CVar [[r.SceneColorFringeQuality:1]]
[2020.09.17-17.57.21:915][  0]LogConfig: Setting CVar [[r.EyeAdaptationQuality:2]]
[2020.09.17-17.57.21:915][  0]LogConfig: Setting CVar [[r.BloomQuality:5]]
[2020.09.17-17.57.21:915][  0]LogConfig: Setting CVar [[r.FastBlurThreshold:100]]
[2020.09.17-17.57.21:915][  0]LogConfig: Setting CVar [[r.Upscale.Quality:3]]
[2020.09.17-17.57.21:915][  0]LogConfig: Setting CVar [[r.Tonemapper.GrainQuantization:1]]
[2020.09.17-17.57.21:915][  0]LogConfig: Setting CVar [[r.LightShaftQuality:1]]
[2020.09.17-17.57.21:915][  0]LogConfig: Setting CVar [[r.Filter.SizeScale:1]]
[2020.09.17-17.57.21:915][  0]LogConfig: Setting CVar [[r.Tonemapper.Quality:5]]
[2020.09.17-17.57.21:915][  0]LogConfig: Setting CVar [[r.DOF.Gather.AccumulatorQuality:1        ; higher gathering accumulator quality]]
[2020.09.17-17.57.21:915][  0]LogConfig: Setting CVar [[r.DOF.Gather.PostfilterMethod:1          ; Median3x3 postfilering method]]
[2020.09.17-17.57.21:915][  0]LogConfig: Setting CVar [[r.DOF.Gather.EnableBokehSettings:0       ; no bokeh simulation when gathering]]
[2020.09.17-17.57.21:915][  0]LogConfig: Setting CVar [[r.DOF.Gather.RingCount:4                 ; medium number of samples when gathering]]
[2020.09.17-17.57.21:915][  0]LogConfig: Setting CVar [[r.DOF.Scatter.ForegroundCompositing:1    ; additive foreground scattering]]
[2020.09.17-17.57.21:915][  0]LogConfig: Setting CVar [[r.DOF.Scatter.BackgroundCompositing:2    ; additive background scattering]]
[2020.09.17-17.57.21:915][  0]LogConfig: Setting CVar [[r.DOF.Scatter.EnableBokehSettings:1      ; bokeh simulation when scattering]]
[2020.09.17-17.57.21:915][  0]LogConfig: Setting CVar [[r.DOF.Scatter.MaxSpriteRatio:0.1         ; only a maximum of 10% of scattered bokeh]]
[2020.09.17-17.57.21:915][  0]LogConfig: Setting CVar [[r.DOF.Recombine.Quality:1                ; cheap slight out of focus]]
[2020.09.17-17.57.21:915][  0]LogConfig: Setting CVar [[r.DOF.Recombine.EnableBokehSettings:0    ; no bokeh simulation on slight out of focus]]
[2020.09.17-17.57.21:915][  0]LogConfig: Setting CVar [[r.DOF.TemporalAAQuality:1                ; more stable temporal accumulation]]
[2020.09.17-17.57.21:915][  0]LogConfig: Setting CVar [[r.DOF.Kernel.MaxForegroundRadius:0.025]]
[2020.09.17-17.57.21:915][  0]LogConfig: Setting CVar [[r.DOF.Kernel.MaxBackgroundRadius:0.025]]
[2020.09.17-17.57.21:915][  0]LogConfig: Applying CVar settings from Section [TextureQuality@3] File [C:/Users/kpearso1/Desktop/Animate_Girl/Saved/Config/Windows/Scalability.ini]
[2020.09.17-17.57.21:915][  0]LogConfig: Setting CVar [[r.Streaming.MipBias:0]]
[2020.09.17-17.57.21:915][  0]LogConfig: Setting CVar [[r.Streaming.AmortizeCPUToGPUCopy:0]]
[2020.09.17-17.57.21:915][  0]LogConfig: Setting CVar [[r.Streaming.MaxNumTexturesToStreamPerFrame:0]]
[2020.09.17-17.57.21:915][  0]LogConfig: Setting CVar [[r.Streaming.Boost:1]]
[2020.09.17-17.57.21:915][  0]LogConfig: Setting CVar [[r.MaxAnisotropy:8]]
[2020.09.17-17.57.21:915][  0]LogConfig: Setting CVar [[r.VT.MaxAnisotropy:8]]
[2020.09.17-17.57.21:915][  0]LogConfig: Setting CVar [[r.Streaming.LimitPoolSizeToVRAM:0]]
[2020.09.17-17.57.21:915][  0]LogConfig: Setting CVar [[r.Streaming.PoolSize:1000]]
[2020.09.17-17.57.21:915][  0]LogConfig: Setting CVar [[r.Streaming.MaxEffectiveScreenSize:0]]
[2020.09.17-17.57.21:915][  0]LogConfig: Applying CVar settings from Section [EffectsQuality@3] File [C:/Users/kpearso1/Desktop/Animate_Girl/Saved/Config/Windows/Scalability.ini]
[2020.09.17-17.57.21:915][  0]LogConfig: Setting CVar [[r.TranslucencyLightingVolumeDim:64]]
[2020.09.17-17.57.21:915][  0]LogConfig: Setting CVar [[r.RefractionQuality:2]]
[2020.09.17-17.57.21:915][  0]LogConfig: Setting CVar [[r.SSR.Quality:3]]
[2020.09.17-17.57.21:915][  0]LogConfig: Setting CVar [[r.SSR.HalfResSceneColor:0]]
[2020.09.17-17.57.21:915][  0]LogConfig: Setting CVar [[r.SceneColorFormat:4]]
[2020.09.17-17.57.21:915][  0]LogConfig: Setting CVar [[r.DetailMode:2]]
[2020.09.17-17.57.21:915][  0]LogConfig: Setting CVar [[r.TranslucencyVolumeBlur:1]]
[2020.09.17-17.57.21:915][  0]LogConfig: Setting CVar [[r.MaterialQualityLevel:1 ; High quality]]
[2020.09.17-17.57.21:915][  0]LogConfig: Setting CVar [[r.SSS.Scale:1]]
[2020.09.17-17.57.21:915][  0]LogConfig: Setting CVar [[r.SSS.SampleSet:2]]
[2020.09.17-17.57.21:915][  0]LogConfig: Setting CVar [[r.SSS.Quality:1]]
[2020.09.17-17.57.21:915][  0]LogConfig: Setting CVar [[r.SSS.HalfRes:0]]
[2020.09.17-17.57.21:915][  0]LogConfig: Setting CVar [[r.SSGI.Quality:3]]
[2020.09.17-17.57.21:915][  0]LogConfig: Setting CVar [[r.EmitterSpawnRateScale:1.0]]
[2020.09.17-17.57.21:915][  0]LogConfig: Setting CVar [[r.ParticleLightQuality:2]]
[2020.09.17-17.57.21:915][  0]LogConfig: Setting CVar [[r.SkyAtmosphere.AerialPerspectiveLUT.FastApplyOnOpaque:1 ; Always have FastSkyLUT 1 in this case to avoid wrong sky]]
[2020.09.17-17.57.21:915][  0]LogConfig: Setting CVar [[r.SkyAtmosphere.AerialPerspectiveLUT.SampleCountPerSlice:1]]
[2020.09.17-17.57.21:915][  0]LogConfig: Setting CVar [[r.SkyAtmosphere.AerialPerspectiveLUT.DepthResolution:16.0]]
[2020.09.17-17.57.21:915][  0]LogConfig: Setting CVar [[r.SkyAtmosphere.FastSkyLUT:1]]
[2020.09.17-17.57.21:915][  0]LogConfig: Setting CVar [[r.SkyAtmosphere.FastSkyLUT.SampleCountMin:4.0]]
[2020.09.17-17.57.21:915][  0]LogConfig: Setting CVar [[r.SkyAtmosphere.FastSkyLUT.SampleCountMax:32.0]]
[2020.09.17-17.57.21:915][  0]LogConfig: Setting CVar [[r.SkyAtmosphere.SampleCountMin:4.0]]
[2020.09.17-17.57.21:915][  0]LogConfig: Setting CVar [[r.SkyAtmosphere.SampleCountMax:32.0]]
[2020.09.17-17.57.21:915][  0]LogConfig: Setting CVar [[r.SkyAtmosphere.TransmittanceLUT.UseSmallFormat:0]]
[2020.09.17-17.57.21:915][  0]LogConfig: Setting CVar [[r.SkyAtmosphere.TransmittanceLUT.SampleCount:10.0]]
[2020.09.17-17.57.21:915][  0]LogConfig: Setting CVar [[r.SkyAtmosphere.MultiScatteringLUT.SampleCount:15.0]]
[2020.09.17-17.57.21:916][  0]LogConfig: Applying CVar settings from Section [FoliageQuality@3] File [C:/Users/kpearso1/Desktop/Animate_Girl/Saved/Config/Windows/Scalability.ini]
[2020.09.17-17.57.21:916][  0]LogConfig: Setting CVar [[foliage.DensityScale:1.0]]
[2020.09.17-17.57.21:916][  0]LogConfig: Setting CVar [[grass.DensityScale:1.0]]
[2020.09.17-17.57.21:916][  0]LogConfig: Applying CVar settings from Section [ShadingQuality@3] File [C:/Users/kpearso1/Desktop/Animate_Girl/Saved/Config/Windows/Scalability.ini]
[2020.09.17-17.57.21:916][  0]LogConfig: Setting CVar [[r.HairStrands.SkyLighting.SampleCount:16]]
[2020.09.17-17.57.21:916][  0]LogConfig: Setting CVar [[r.HairStrands.SkyLighting.JitterIntegration:0]]
[2020.09.17-17.57.21:916][  0]LogConfig: Setting CVar [[r.HairStrands.SkyAO.SampleCount:16]]
[2020.09.17-17.57.21:916][  0]LogConfig: Setting CVar [[r.HairStrands.DeepShadow.SuperSampling:0]]
[2020.09.17-17.57.21:916][  0]LogConfig: Setting CVar [[r.HairStrands.VisibilityPPLL:0]]
[2020.09.17-17.57.21:916][  0]LogConfig: Setting CVar [[r.HairStrands.RasterizationScale:0.5]]
[2020.09.17-17.57.21:916][  0]LogConfig: Setting CVar [[r.HairStrands.VelocityRasterizationScale:1]]
[2020.09.17-17.57.21:916][  0]LogInit: Selected Device Profile: [Windows]
[2020.09.17-17.57.21:916][  0]LogInit: Applying CVar settings loaded from the selected device profile: [Windows]
[2020.09.17-17.57.21:916][  0]LogHAL: Display: Platform has ~ 32 GB [34301571072 / 34359738368 / 32], which maps to Largest [LargestMinGB=32, LargerMinGB=12, DefaultMinGB=8, SmallerMinGB=6, SmallestMinGB=0)
[2020.09.17-17.57.21:916][  0]LogInit: Going up to parent DeviceProfile []
[2020.09.17-17.57.21:916][  0]LogConfig: Applying CVar settings from Section [ViewDistanceQuality@3] File [C:/Users/kpearso1/Desktop/Animate_Girl/Saved/Config/Windows/Scalability.ini]
[2020.09.17-17.57.21:916][  0]LogConfig: Setting CVar [[r.SkeletalMeshLODBias:0]]
[2020.09.17-17.57.21:916][  0]LogConfig: Setting CVar [[r.ViewDistanceScale:1.0]]
[2020.09.17-17.57.21:916][  0]LogConfig: Applying CVar settings from Section [AntiAliasingQuality@3] File [C:/Users/kpearso1/Desktop/Animate_Girl/Saved/Config/Windows/Scalability.ini]
[2020.09.17-17.57.21:916][  0]LogConfig: Setting CVar [[r.PostProcessAAQuality:4]]
[2020.09.17-17.57.21:916][  0]LogConfig: Applying CVar settings from Section [ShadowQuality@3] File [C:/Users/kpearso1/Desktop/Animate_Girl/Saved/Config/Windows/Scalability.ini]
[2020.09.17-17.57.21:916][  0]LogConfig: Setting CVar [[r.LightFunctionQuality:1]]
[2020.09.17-17.57.21:916][  0]LogConfig: Setting CVar [[r.ShadowQuality:5]]
[2020.09.17-17.57.21:916][  0]LogConfig: Setting CVar [[r.Shadow.CSM.MaxCascades:10]]
[2020.09.17-17.57.21:916][  0]LogConfig: Setting CVar [[r.Shadow.MaxResolution:2048]]
[2020.09.17-17.57.21:916][  0]LogConfig: Setting CVar [[r.Shadow.MaxCSMResolution:2048]]
[2020.09.17-17.57.21:916][  0]LogConfig: Setting CVar [[r.Shadow.RadiusThreshold:0.01]]
[2020.09.17-17.57.21:916][  0]LogConfig: Setting CVar [[r.Shadow.DistanceScale:1.0]]
[2020.09.17-17.57.21:916][  0]LogConfig: Setting CVar [[r.Shadow.CSM.TransitionScale:1.0]]
[2020.09.17-17.57.21:916][  0]LogConfig: Setting CVar [[r.Shadow.PreShadowResolutionFactor:1.0]]
[2020.09.17-17.57.21:916][  0]LogConfig: Setting CVar [[r.DistanceFieldShadowing:1]]
[2020.09.17-17.57.21:916][  0]LogConfig: Setting CVar [[r.DistanceFieldAO:1]]
[2020.09.17-17.57.21:916][  0]LogConfig: Setting CVar [[r.AOQuality:2]]
[2020.09.17-17.57.21:916][  0]LogConfig: Setting CVar [[r.VolumetricFog:1]]
[2020.09.17-17.57.21:916][  0]LogConfig: Setting CVar [[r.VolumetricFog.GridPixelSize:8]]
[2020.09.17-17.57.21:916][  0]LogConfig: Setting CVar [[r.VolumetricFog.GridSizeZ:128]]
[2020.09.17-17.57.21:916][  0]LogConfig: Setting CVar [[r.VolumetricFog.HistoryMissSupersampleCount:4]]
[2020.09.17-17.57.21:916][  0]LogConfig: Setting CVar [[r.LightMaxDrawDistanceScale:1]]
[2020.09.17-17.57.21:916][  0]LogConfig: Setting CVar [[r.CapsuleShadows:1]]
[2020.09.17-17.57.21:916][  0]LogConfig: Applying CVar settings from Section [PostProcessQuality@3] File [C:/Users/kpearso1/Desktop/Animate_Girl/Saved/Config/Windows/Scalability.ini]
[2020.09.17-17.57.21:916][  0]LogConfig: Setting CVar [[r.MotionBlurQuality:4]]
[2020.09.17-17.57.21:916][  0]LogConfig: Setting CVar [[r.AmbientOcclusionMipLevelFactor:0.4]]
[2020.09.17-17.57.21:916][  0]LogConfig: Setting CVar [[r.AmbientOcclusionMaxQuality:100]]
[2020.09.17-17.57.21:916][  0]LogConfig: Setting CVar [[r.AmbientOcclusionLevels:-1]]
[2020.09.17-17.57.21:916][  0]LogConfig: Setting CVar [[r.AmbientOcclusionRadiusScale:1.0]]
[2020.09.17-17.57.21:916][  0]LogConfig: Setting CVar [[r.DepthOfFieldQuality:2]]
[2020.09.17-17.57.21:916][  0]LogConfig: Setting CVar [[r.RenderTargetPoolMin:400]]
[2020.09.17-17.57.21:916][  0]LogConfig: Setting CVar [[r.LensFlareQuality:2]]
[2020.09.17-17.57.21:916][  0]LogConfig: Setting CVar [[r.SceneColorFringeQuality:1]]
[2020.09.17-17.57.21:916][  0]LogConfig: Setting CVar [[r.EyeAdaptationQuality:2]]
[2020.09.17-17.57.21:916][  0]LogConfig: Setting CVar [[r.BloomQuality:5]]
[2020.09.17-17.57.21:916][  0]LogConfig: Setting CVar [[r.FastBlurThreshold:100]]
[2020.09.17-17.57.21:916][  0]LogConfig: Setting CVar [[r.Upscale.Quality:3]]
[2020.09.17-17.57.21:916][  0]LogConfig: Setting CVar [[r.Tonemapper.GrainQuantization:1]]
[2020.09.17-17.57.21:916][  0]LogConfig: Setting CVar [[r.LightShaftQuality:1]]
[2020.09.17-17.57.21:916][  0]LogConfig: Setting CVar [[r.Filter.SizeScale:1]]
[2020.09.17-17.57.21:916][  0]LogConfig: Setting CVar [[r.Tonemapper.Quality:5]]
[2020.09.17-17.57.21:916][  0]LogConfig: Setting CVar [[r.DOF.Gather.AccumulatorQuality:1        ; higher gathering accumulator quality]]
[2020.09.17-17.57.21:917][  0]LogConfig: Setting CVar [[r.DOF.Gather.PostfilterMethod:1          ; Median3x3 postfilering method]]
[2020.09.17-17.57.21:917][  0]LogConfig: Setting CVar [[r.DOF.Gather.EnableBokehSettings:0       ; no bokeh simulation when gathering]]
[2020.09.17-17.57.21:917][  0]LogConfig: Setting CVar [[r.DOF.Gather.RingCount:4                 ; medium number of samples when gathering]]
[2020.09.17-17.57.21:917][  0]LogConfig: Setting CVar [[r.DOF.Scatter.ForegroundCompositing:1    ; additive foreground scattering]]
[2020.09.17-17.57.21:917][  0]LogConfig: Setting CVar [[r.DOF.Scatter.BackgroundCompositing:2    ; additive background scattering]]
[2020.09.17-17.57.21:917][  0]LogConfig: Setting CVar [[r.DOF.Scatter.EnableBokehSettings:1      ; bokeh simulation when scattering]]
[2020.09.17-17.57.21:917][  0]LogConfig: Setting CVar [[r.DOF.Scatter.MaxSpriteRatio:0.1         ; only a maximum of 10% of scattered bokeh]]
[2020.09.17-17.57.21:917][  0]LogConfig: Setting CVar [[r.DOF.Recombine.Quality:1                ; cheap slight out of focus]]
[2020.09.17-17.57.21:917][  0]LogConfig: Setting CVar [[r.DOF.Recombine.EnableBokehSettings:0    ; no bokeh simulation on slight out of focus]]
[2020.09.17-17.57.21:917][  0]LogConfig: Setting CVar [[r.DOF.TemporalAAQuality:1                ; more stable temporal accumulation]]
[2020.09.17-17.57.21:917][  0]LogConfig: Setting CVar [[r.DOF.Kernel.MaxForegroundRadius:0.025]]
[2020.09.17-17.57.21:917][  0]LogConfig: Setting CVar [[r.DOF.Kernel.MaxBackgroundRadius:0.025]]
[2020.09.17-17.57.21:917][  0]LogConfig: Applying CVar settings from Section [TextureQuality@3] File [C:/Users/kpearso1/Desktop/Animate_Girl/Saved/Config/Windows/Scalability.ini]
[2020.09.17-17.57.21:917][  0]LogConfig: Setting CVar [[r.Streaming.MipBias:0]]
[2020.09.17-17.57.21:917][  0]LogConfig: Setting CVar [[r.Streaming.AmortizeCPUToGPUCopy:0]]
[2020.09.17-17.57.21:917][  0]LogConfig: Setting CVar [[r.Streaming.MaxNumTexturesToStreamPerFrame:0]]
[2020.09.17-17.57.21:917][  0]LogConfig: Setting CVar [[r.Streaming.Boost:1]]
[2020.09.17-17.57.21:917][  0]LogConfig: Setting CVar [[r.MaxAnisotropy:8]]
[2020.09.17-17.57.21:917][  0]LogConfig: Setting CVar [[r.VT.MaxAnisotropy:8]]
[2020.09.17-17.57.21:917][  0]LogConfig: Setting CVar [[r.Streaming.LimitPoolSizeToVRAM:0]]
[2020.09.17-17.57.21:917][  0]LogConfig: Setting CVar [[r.Streaming.PoolSize:1000]]
[2020.09.17-17.57.21:917][  0]LogConfig: Setting CVar [[r.Streaming.MaxEffectiveScreenSize:0]]
[2020.09.17-17.57.21:917][  0]LogConfig: Applying CVar settings from Section [EffectsQuality@3] File [C:/Users/kpearso1/Desktop/Animate_Girl/Saved/Config/Windows/Scalability.ini]
[2020.09.17-17.57.21:917][  0]LogConfig: Setting CVar [[r.TranslucencyLightingVolumeDim:64]]
[2020.09.17-17.57.21:917][  0]LogConfig: Setting CVar [[r.RefractionQuality:2]]
[2020.09.17-17.57.21:917][  0]LogConfig: Setting CVar [[r.SSR.Quality:3]]
[2020.09.17-17.57.21:917][  0]LogConfig: Setting CVar [[r.SSR.HalfResSceneColor:0]]
[2020.09.17-17.57.21:917][  0]LogConfig: Setting CVar [[r.SceneColorFormat:4]]
[2020.09.17-17.57.21:917][  0]LogConfig: Setting CVar [[r.DetailMode:2]]
[2020.09.17-17.57.21:917][  0]LogConfig: Setting CVar [[r.TranslucencyVolumeBlur:1]]
[2020.09.17-17.57.21:917][  0]LogConfig: Setting CVar [[r.MaterialQualityLevel:1 ; High quality]]
[2020.09.17-17.57.21:917][  0]LogConfig: Setting CVar [[r.SSS.Scale:1]]
[2020.09.17-17.57.21:917][  0]LogConfig: Setting CVar [[r.SSS.SampleSet:2]]
[2020.09.17-17.57.21:917][  0]LogConfig: Setting CVar [[r.SSS.Quality:1]]
[2020.09.17-17.57.21:917][  0]LogConfig: Setting CVar [[r.SSS.HalfRes:0]]
[2020.09.17-17.57.21:917][  0]LogConfig: Setting CVar [[r.SSGI.Quality:3]]
[2020.09.17-17.57.21:917][  0]LogConfig: Setting CVar [[r.EmitterSpawnRateScale:1.0]]
[2020.09.17-17.57.21:917][  0]LogConfig: Setting CVar [[r.ParticleLightQuality:2]]
[2020.09.17-17.57.21:917][  0]LogConfig: Setting CVar [[r.SkyAtmosphere.AerialPerspectiveLUT.FastApplyOnOpaque:1 ; Always have FastSkyLUT 1 in this case to avoid wrong sky]]
[2020.09.17-17.57.21:917][  0]LogConfig: Setting CVar [[r.SkyAtmosphere.AerialPerspectiveLUT.SampleCountPerSlice:1]]
[2020.09.17-17.57.21:917][  0]LogConfig: Setting CVar [[r.SkyAtmosphere.AerialPerspectiveLUT.DepthResolution:16.0]]
[2020.09.17-17.57.21:917][  0]LogConfig: Setting CVar [[r.SkyAtmosphere.FastSkyLUT:1]]
[2020.09.17-17.57.21:917][  0]LogConfig: Setting CVar [[r.SkyAtmosphere.FastSkyLUT.SampleCountMin:4.0]]
[2020.09.17-17.57.21:917][  0]LogConfig: Setting CVar [[r.SkyAtmosphere.FastSkyLUT.SampleCountMax:32.0]]
[2020.09.17-17.57.21:917][  0]LogConfig: Setting CVar [[r.SkyAtmosphere.SampleCountMin:4.0]]
[2020.09.17-17.57.21:917][  0]LogConfig: Setting CVar [[r.SkyAtmosphere.SampleCountMax:32.0]]
[2020.09.17-17.57.21:917][  0]LogConfig: Setting CVar [[r.SkyAtmosphere.TransmittanceLUT.UseSmallFormat:0]]
[2020.09.17-17.57.21:917][  0]LogConfig: Setting CVar [[r.SkyAtmosphere.TransmittanceLUT.SampleCount:10.0]]
[2020.09.17-17.57.21:917][  0]LogConfig: Setting CVar [[r.SkyAtmosphere.MultiScatteringLUT.SampleCount:15.0]]
[2020.09.17-17.57.21:917][  0]LogConfig: Applying CVar settings from Section [FoliageQuality@3] File [C:/Users/kpearso1/Desktop/Animate_Girl/Saved/Config/Windows/Scalability.ini]
[2020.09.17-17.57.21:917][  0]LogConfig: Setting CVar [[foliage.DensityScale:1.0]]
[2020.09.17-17.57.21:917][  0]LogConfig: Setting CVar [[grass.DensityScale:1.0]]
[2020.09.17-17.57.21:917][  0]LogConfig: Applying CVar settings from Section [ShadingQuality@3] File [C:/Users/kpearso1/Desktop/Animate_Girl/Saved/Config/Windows/Scalability.ini]
[2020.09.17-17.57.21:917][  0]LogConfig: Setting CVar [[r.HairStrands.SkyLighting.SampleCount:16]]
[2020.09.17-17.57.21:917][  0]LogConfig: Setting CVar [[r.HairStrands.SkyLighting.JitterIntegration:0]]
[2020.09.17-17.57.21:917][  0]LogConfig: Setting CVar [[r.HairStrands.SkyAO.SampleCount:16]]
[2020.09.17-17.57.21:917][  0]LogConfig: Setting CVar [[r.HairStrands.DeepShadow.SuperSampling:0]]
[2020.09.17-17.57.21:917][  0]LogConfig: Setting CVar [[r.HairStrands.VisibilityPPLL:0]]
[2020.09.17-17.57.21:917][  0]LogConfig: Setting CVar [[r.HairStrands.RasterizationScale:0.5]]
[2020.09.17-17.57.21:917][  0]LogConfig: Setting CVar [[r.HairStrands.VelocityRasterizationScale:1]]
[2020.09.17-17.57.21:917][  0]LogConfig: Applying CVar settings from Section [Startup] File [../../../Engine/Config/ConsoleVariables.ini]
[2020.09.17-17.57.21:917][  0]LogConfig: Setting CVar [[net.UseAdaptiveNetUpdateFrequency:0]]
[2020.09.17-17.57.21:917][  0]LogConfig: Setting CVar [[p.chaos.AllowCreatePhysxBodies:1]]
[2020.09.17-17.57.21:917][  0]LogConfig: Setting CVar [[fx.SkipVectorVMBackendOptimizations:1]]
[2020.09.17-17.57.21:917][  0]LogConfig: Applying CVar settings from Section [ConsoleVariables] File [C:/Users/kpearso1/Desktop/Animate_Girl/Saved/Config/Windows/Engine.ini]
[2020.09.17-17.57.21:917][  0]LogInit: Computer: NQSCGL-MSI-07
[2020.09.17-17.57.21:917][  0]LogInit: User: kpearso1
[2020.09.17-17.57.21:918][  0]LogInit: CPU Page size=4096, Cores=4
[2020.09.17-17.57.21:918][  0]LogInit: High frequency timer resolution =10.000000 MHz
[2020.09.17-17.57.21:918][  0]LogMemory: Memory total: Physical=31.9GB (32GB approx)
[2020.09.17-17.57.21:918][  0]LogMemory: Platform Memory Stats for Windows
[2020.09.17-17.57.21:918][  0]LogMemory: Process Physical Memory: 116.70 MB used, 116.71 MB peak
[2020.09.17-17.57.21:918][  0]LogMemory: Process Virtual Memory: 96.17 MB used, 96.17 MB peak
[2020.09.17-17.57.21:918][  0]LogMemory: Physical Memory: 7982.70 MB used,  24729.82 MB free, 32712.53 MB total
[2020.09.17-17.57.21:918][  0]LogMemory: Virtual Memory: 5143.68 MB used,  134212584.00 MB free, 134217728.00 MB total
[2020.09.17-17.57.21:922][  0]LogWindows: WindowsPlatformFeatures enabled
[2020.09.17-17.57.21:951][  0]LogInit: Physics initialised using underlying interface: PhysX
[2020.09.17-17.57.21:952][  0]LogInit: Using OS detected language (en-US).
[2020.09.17-17.57.21:952][  0]LogInit: Using OS detected locale (en-US).
[2020.09.17-17.57.21:958][  0]LogTextLocalizationManager: No specific localization for 'en-US' exists, so the 'en' localization will be used.
[2020.09.17-17.57.22:112][  0]LogInit: Setting process to per monitor DPI aware
[2020.09.17-17.57.22:147][  0]LogSlate: New Slate User Created.  User Index 0, Is Virtual User: 0
[2020.09.17-17.57.22:148][  0]LogSlate: Slate User Registered.  User Index 0, Is Virtual User: 0
[2020.09.17-17.57.22:265][  0]LogHMD: Failed to initialize OpenVR with code 110
[2020.09.17-17.57.22:265][  0]LogD3D11RHI: D3D11 min allowed feature level: 11_0
[2020.09.17-17.57.22:265][  0]LogD3D11RHI: D3D11 max allowed feature level: 11_0
[2020.09.17-17.57.22:265][  0]LogD3D11RHI: D3D11 adapters:
[2020.09.17-17.57.22:331][  0]LogD3D11RHI:    0. 'NVIDIA GeForce GTX 1070' (Feature Level 11_0)
[2020.09.17-17.57.22:331][  0]LogD3D11RHI:       8088/0/16356 MB DedicatedVideo/DedicatedSystem/SharedSystem, Outputs:1, VendorId:0x10de
[2020.09.17-17.57.22:334][  0]LogD3D11RHI:    1. 'Microsoft Basic Render Driver' (Feature Level 11_0)
[2020.09.17-17.57.22:334][  0]LogD3D11RHI:       0/0/16356 MB DedicatedVideo/DedicatedSystem/SharedSystem, Outputs:0, VendorId:0x1414
[2020.09.17-17.57.22:334][  0]LogD3D11RHI: Chosen D3D11 Adapter: 0
[2020.09.17-17.57.22:340][  0]LogD3D11RHI: Creating new Direct3DDevice
[2020.09.17-17.57.22:341][  0]LogD3D11RHI:     GPU DeviceId: 0x1b81 (for the marketing name, search the web for "GPU Device Id")
[2020.09.17-17.57.22:341][  0]LogWindows: EnumDisplayDevices:
[2020.09.17-17.57.22:341][  0]LogWindows:    0. 'NVIDIA GeForce GTX 1070' (P:1 D:1)
[2020.09.17-17.57.22:341][  0]LogWindows:    1. 'NVIDIA GeForce GTX 1070' (P:0 D:0)
[2020.09.17-17.57.22:341][  0]LogWindows:    2. 'NVIDIA GeForce GTX 1070' (P:0 D:0)
[2020.09.17-17.57.22:341][  0]LogWindows:    3. 'NVIDIA GeForce GTX 1070' (P:0 D:0)
[2020.09.17-17.57.22:341][  0]LogWindows: DebugString: FoundDriverCount:4 
[2020.09.17-17.57.22:342][  0]LogD3D11RHI:     Adapter Name: NVIDIA GeForce GTX 1070
[2020.09.17-17.57.22:342][  0]LogD3D11RHI:   Driver Version: 451.67 (internal:27.21.14.5167, unified:451.67)
[2020.09.17-17.57.22:342][  0]LogD3D11RHI:      Driver Date: 7-5-2020
[2020.09.17-17.57.22:342][  0]LogRHI: Texture pool is 5661 MB (70% of 8088 MB)
[2020.09.17-17.57.22:377][  0]LogD3D11RHI: RHI has support for 64 bit atomics
[2020.09.17-17.57.22:379][  0]LogD3D11RHI: [Aftermath] Enabled and primed
[2020.09.17-17.57.22:379][  0]LogD3D11RHI: Async texture creation enabled
[2020.09.17-17.57.22:379][  0]LogD3D11RHI: Array index from any shader is supported
[2020.09.17-17.57.22:394][  0]LogD3D11RHI: GPU Timing Frequency: 1000.000000 (Debug: 2 1)
[2020.09.17-17.57.22:910][  0]LogTargetPlatformManager: Display: Loaded TargetPlatform 'AllDesktop'
[2020.09.17-17.57.22:929][  0]LogTargetPlatformManager: Display: Loaded TargetPlatform 'Android'
[2020.09.17-17.57.22:929][  0]LogTargetPlatformManager: Display: Loaded TargetPlatform 'Android_ASTC'
[2020.09.17-17.57.22:929][  0]LogTargetPlatformManager: Display: Loaded TargetPlatform 'Android_DXT'
[2020.09.17-17.57.22:929][  0]LogTargetPlatformManager: Display: Loaded TargetPlatform 'Android_ETC2'
[2020.09.17-17.57.22:929][  0]LogTargetPlatformManager: Display: Loaded TargetPlatform 'AndroidClient'
[2020.09.17-17.57.22:929][  0]LogTargetPlatformManager: Display: Loaded TargetPlatform 'Android_ASTCClient'
[2020.09.17-17.57.22:929][  0]LogTargetPlatformManager: Display: Loaded TargetPlatform 'Android_DXTClient'
[2020.09.17-17.57.22:929][  0]LogTargetPlatformManager: Display: Loaded TargetPlatform 'Android_ETC2Client'
[2020.09.17-17.57.22:929][  0]LogTargetPlatformManager: Display: Loaded TargetPlatform 'Android_Multi'
[2020.09.17-17.57.22:930][  0]LogTargetPlatformManager: Display: Loaded TargetPlatform 'Android_MultiClient'
[2020.09.17-17.57.22:949][  0]LogTargetPlatformManager: Display: Loaded TargetPlatform 'IOSClient'
[2020.09.17-17.57.22:949][  0]LogTargetPlatformManager: Display: Loaded TargetPlatform 'IOS'
[2020.09.17-17.57.22:958][  0]LogTargetPlatformManager: Display: Loaded TargetPlatform 'Linux'
[2020.09.17-17.57.22:966][  0]LogTargetPlatformManager: Display: Loaded TargetPlatform 'LinuxNoEditor'
[2020.09.17-17.57.22:975][  0]LogTargetPlatformManager: Display: Loaded TargetPlatform 'LinuxClient'
[2020.09.17-17.57.22:983][  0]LogTargetPlatformManager: Display: Loaded TargetPlatform 'LinuxServer'
[2020.09.17-17.57.22:991][  0]LogTargetPlatformManager: Display: Loaded TargetPlatform 'LinuxAArch64NoEditor'
[2020.09.17-17.57.22:999][  0]LogTargetPlatformManager: Display: Loaded TargetPlatform 'LinuxAArch64Client'
[2020.09.17-17.57.23:006][  0]LogTargetPlatformManager: Display: Loaded TargetPlatform 'LinuxAArch64Server'
[2020.09.17-17.57.23:028][  0]LogTargetPlatformManager: Display: Loaded TargetPlatform 'Lumin'
[2020.09.17-17.57.23:028][  0]LogTargetPlatformManager: Display: Loaded TargetPlatform 'LuminClient'
[2020.09.17-17.57.23:041][  0]LogTargetPlatformManager: Display: Loaded TargetPlatform 'TVOSClient'
[2020.09.17-17.57.23:041][  0]LogTargetPlatformManager: Display: Loaded TargetPlatform 'TVOS'
[2020.09.17-17.57.23:048][  0]LogTargetPlatformManager: Display: Loaded TargetPlatform 'WindowsNoEditor'
[2020.09.17-17.57.23:056][  0]LogTargetPlatformManager: Display: Loaded TargetPlatform 'Windows'
[2020.09.17-17.57.23:064][  0]LogTargetPlatformManager: Display: Loaded TargetPlatform 'WindowsClient'
[2020.09.17-17.57.23:071][  0]LogTargetPlatformManager: Display: Loaded TargetPlatform 'WindowsServer'
[2020.09.17-17.57.23:071][  0]LogTargetPlatformManager: Display: Building Assets For Windows
[2020.09.17-17.57.23:078][  0]LogAudioDebug: Display: Lib vorbis DLL was dynamically loaded.
[2020.09.17-17.57.23:126][  0]LogShaderCompilers: Guid format shader working directory is -4 characters bigger than the processId version (../../../../../../Users/kpearso1/Desktop/Animate_Girl/Intermediate/Shaders/WorkingDirectory/4016/).
[2020.09.17-17.57.23:126][  0]LogShaderCompilers: Cleaned the shader compiler working directory 'C:/Users/kpearso1/AppData/Local/Temp/UnrealShaderWorkingDir/FB596D0C461612B5D274DBAB4E3E90CD/'.
[2020.09.17-17.57.23:127][  0]LogXGEController: Cleaning working directory: C:/Users/kpearso1/AppData/Local/Temp/UnrealXGEWorkingDir/
[2020.09.17-17.57.23:127][  0]LogXGEController: Cannot use XGE Controller as Incredibuild is not installed on this machine.
[2020.09.17-17.57.23:127][  0]LogShaderCompilers: Cannot use XGE Shader Compiler as Incredibuild is not installed on this machine.
[2020.09.17-17.57.23:127][  0]LogShaderCompilers: Display: Using Local Shader Compiler.
[2020.09.17-17.57.23:809][  0]LogDerivedDataCache: Display: Max Cache Size: 512 MB
[2020.09.17-17.57.23:809][  0]LogDerivedDataCache: Display: Starting with empty Boot cache
[2020.09.17-17.57.23:809][  0]LogDerivedDataCache: FDerivedDataBackendGraph:  Pak pak cache file ../../../../../../Users/kpearso1/Desktop/Animate_Girl/DerivedDataCache/DDC.ddp not found, will not use a pak cache.
[2020.09.17-17.57.23:809][  0]LogDerivedDataCache: Unable to find inner node Pak for hierarchical cache Hierarchy.
[2020.09.17-17.57.23:809][  0]LogDerivedDataCache: FDerivedDataBackendGraph:  CompressedPak pak cache file ../../../../../../Users/kpearso1/Desktop/Animate_Girl/DerivedDataCache/Compressed.ddp not found, will not use a pak cache.
[2020.09.17-17.57.23:809][  0]LogDerivedDataCache: Unable to find inner node CompressedPak for hierarchical cache Hierarchy.
[2020.09.17-17.57.23:818][  0]LogDerivedDataCache: Display: Pak cache opened for reading ../../../Engine/DerivedDataCache/Compressed.ddp.
[2020.09.17-17.57.23:818][  0]LogDerivedDataCache: FDerivedDataBackendGraph:  EnterprisePak pak cache file ../../../Enterprise/DerivedDataCache/Compressed.ddp not found, will not use a pak cache.
[2020.09.17-17.57.23:818][  0]LogDerivedDataCache: Unable to find inner node EnterprisePak for hierarchical cache Hierarchy.
[2020.09.17-17.57.23:820][  0]LogDerivedDataCache: Using Local data cache path C:/Users/kpearso1/AppData/Local/UnrealEngine/Common/DerivedDataCache: Writable
[2020.09.17-17.57.23:820][  0]LogDerivedDataCache: Shared data cache path not found in *engine.ini, will not use an Shared cache.
[2020.09.17-17.57.23:820][  0]LogDerivedDataCache: Unable to find inner node Shared for hierarchical cache Hierarchy.
[2020.09.17-17.57.23:868][  0]LogSlate: Using FreeType 2.10.0
[2020.09.17-17.57.23:869][  0]LogSlate: SlateFontServices - WITH_FREETYPE: 1, WITH_HARFBUZZ: 1
[2020.09.17-17.57.23:891][  0]LogAssetRegistry: FAssetRegistry took 0.0023 seconds to start up
[2020.09.17-17.57.24:089][  0]LogInit: Selected Device Profile: [Windows]
[2020.09.17-17.57.24:234][  0]LogMeshReduction: Using QuadricMeshReduction for automatic static mesh reduction
[2020.09.17-17.57.24:234][  0]LogMeshReduction: Using SimplygonMeshReduction for automatic skeletal mesh reduction
[2020.09.17-17.57.24:234][  0]LogMeshReduction: Using ProxyLODMeshReduction for automatic mesh merging
[2020.09.17-17.57.24:234][  0]LogMeshReduction: No distributed automatic mesh merging module available
[2020.09.17-17.57.24:234][  0]LogMeshMerging: No distributed automatic mesh merging module available
[2020.09.17-17.57.24:255][  0]LogNetVersion: Animate_Girl 1.0.0, NetCL: 13144385, EngineNetVer: 14, GameNetVer: 0 (Checksum: 2445821379)
[2020.09.17-17.57.24:908][  0]LogAISub: UAISubsystem::UAISubsystem AISubsystem (0000011D7F12D7C0), frame # 0
[2020.09.17-17.57.24:908][  0]LogAISub: UAISubsystem::UAISubsystem AIPerceptionSystem (0000011D00320680), frame # 0
[2020.09.17-17.57.24:909][  0]LogAISub: UAISubsystem::UAISubsystem EnvQueryManager (0000011D0034DC00), frame # 0
[2020.09.17-17.57.24:968][  0]LogPackageLocalizationCache: Processed 19 localized package path(s) for 1 prioritized culture(s) in 0.052656 seconds
[2020.09.17-17.57.24:974][  0]LogUObjectArray: 15917 objects as part of root set at end of initial load.
[2020.09.17-17.57.24:974][  0]LogUObjectAllocator: 3965568 out of 0 bytes used by permanent object pool.
[2020.09.17-17.57.24:974][  0]LogUObjectArray: CloseDisregardForGC: 0/0 objects in disregard for GC pool
[2020.09.17-17.57.25:283][  0]LogTcpMessaging: Initializing TcpMessaging bridge
[2020.09.17-17.57.25:287][  0]LogUdpMessaging: Initializing bridge on interface 0.0.0.0:0 to multicast group 230.0.0.1:6666.
[2020.09.17-17.57.25:357][  0]SourceControl: Source control is disabled
[2020.09.17-17.57.25:357][  0]SourceControl: Source control is disabled
[2020.09.17-17.57.25:359][  0]SourceControl: Source control is disabled
[2020.09.17-17.57.25:362][  0]SourceControl: Source control is disabled
[2020.09.17-17.57.25:367][  0]SourceControl: Source control is disabled
[2020.09.17-17.57.25:378][  0]LogVSAccessor: Display: Unable to create Visual Studio setup instance: 80040154
[2020.09.17-17.57.25:378][  0]LogVSAccessor: Display: Unable to create Visual Studio setup instance: 80040154
[2020.09.17-17.57.25:565][  0]LogAndroidPermission: UAndroidPermissionCallbackProxy::GetInstance
[2020.09.17-17.57.25:580][  0]LogAudioCaptureCore: Display: No Audio Capture implementations found. Audio input will be silent.
[2020.09.17-17.57.25:580][  0]LogAudioCaptureCore: Display: No Audio Capture implementations found. Audio input will be silent.
[2020.09.17-17.57.25:631][  0]LogOcInput: OculusInput pre-init called
[2020.09.17-17.57.25:643][  0]LogWindows: Failed to load 'OVRPlugin.dll' (GetLastError=126)
[2020.09.17-17.57.25:643][  0]LogWindows: File 'OVRPlugin.dll' does not exist
[2020.09.17-17.57.25:703][  0]LogEngine: Initializing Engine...
[2020.09.17-17.57.25:704][  0]LogHMD: Failed to initialize OpenVR with code 110
[2020.09.17-17.57.25:704][  0]LogMagicLeap: Warning: VR disabled because ZI is not enabled.  To enable, in the editor, Edit -> Project Settings -> Plugins -> Magic Leap Plugin -> Enable Zero Iteration
[2020.09.17-17.57.25:705][  0]LogStats: UGameplayTagsManager::InitializeManager -  0.000 s
[2020.09.17-17.57.25:952][  0]LogInit: Initializing FReadOnlyCVARCache
[2020.09.17-17.57.25:959][  0]LogAIModule: Creating AISystem for world Untitled
[2020.09.17-17.57.25:959][  0]LogAISub: UAISubsystem::UAISubsystem EnvQueryManager (0000011D038B0600), frame # 0
[2020.09.17-17.57.25:959][  0]LogAISub: UAISubsystem::UAISubsystem AIPerceptionSystem (0000011D038ADBC0), frame # 0
[2020.09.17-17.57.25:963][  0]LogAudioMixer: Display: Audio Mixer Platform Settings:
[2020.09.17-17.57.25:963][  0]LogAudioMixer: Display: 	Sample Rate:						  48000
[2020.09.17-17.57.25:963][  0]LogAudioMixer: Display: 	Callback Buffer Frame Size Requested: 1024
[2020.09.17-17.57.25:963][  0]LogAudioMixer: Display: 	Callback Buffer Frame Size To Use:	  1024
[2020.09.17-17.57.25:963][  0]LogAudioMixer: Display: 	Number of buffers to queue:			  2
[2020.09.17-17.57.25:963][  0]LogAudioMixer: Display: 	Max Channels (voices):				  32
[2020.09.17-17.57.25:963][  0]LogAudioMixer: Display: 	Number of Async Source Workers:		  0
[2020.09.17-17.57.25:963][  0]LogAudio: Display: AudioDevice MaxSources: 32
[2020.09.17-17.57.25:963][  0]LogAudio: Display: Using built-in audio occlusion.
[2020.09.17-17.57.25:963][  0]LogAudioMixer: Display: Initializing audio mixer.
[2020.09.17-17.57.25:976][  0]LogAudioMixer: Display: 0: FrontLeft
[2020.09.17-17.57.25:976][  0]LogAudioMixer: Display: 1: FrontRight
[2020.09.17-17.57.26:006][  0]LogAudioMixer: Display: Using Audio Device C22W (2- NVIDIA High Definition Audio)
[2020.09.17-17.57.26:006][  0]LogAudioMixer: Display: Initializing Sound Submixes...
[2020.09.17-17.57.26:009][  0]LogAudioMixer: Display: Creating Master Submix 'MasterSubmixDefault'
[2020.09.17-17.57.26:009][  0]LogAudioMixer: Display: Creating Master Submix 'MasterReverbSubmixDefault'
[2020.09.17-17.57.26:010][  0]LogAudioMixer: Display: Creating Master Submix 'MasterEQSubmixDefault'
[2020.09.17-17.57.26:010][  0]LogInit: FAudioDevice initialized.
[2020.09.17-17.57.26:010][  0]LogNetVersion: Set ProjectVersion to 1.0.0.0. Version Checksum will be recalculated on next use.
[2020.09.17-17.57.26:126][  0]LogDerivedDataCache: Saved boot cache 0.12s 77MB C:/Users/kpearso1/AppData/Local/UnrealEngine/4.25/DerivedDataCache/Boot.ddc.
[2020.09.17-17.57.26:130][  0]LogInit: Texture streaming: Enabled
[2020.09.17-17.57.26:143][  0]LogEngineSessionManager: EngineSessionManager initialized
[2020.09.17-17.57.26:143][  0]LogEditorSessionSummary: Verbose: Initializing EditorSessionSummaryWriter for editor session tracking
[2020.09.17-17.57.26:144][  0]LogEditorSessionSummary: EditorSessionSummaryWriter initialized
[2020.09.17-17.57.26:317][  0]LogInit: Transaction tracking system initialized
[2020.09.17-17.57.26:333][  0]BlueprintLog: New page: Editor Load
[2020.09.17-17.57.26:391][  0]LocalizationService: Localization service is disabled
[2020.09.17-17.57.26:463][  0]LogVSAccessor: Display: Unable to create Visual Studio setup instance: 80040154
[2020.09.17-17.57.26:464][  0]LogVSAccessor: Display: Unable to create Visual Studio setup instance: 80040154
[2020.09.17-17.57.26:525][  0]LogCook: Display: Max memory allowance for cook 16384mb min free memory 0mb
[2020.09.17-17.57.26:525][  0]LogCook: Display: Mobile HDR setting 0
[2020.09.17-17.57.26:737][  0]LogFileCache: Scanning file cache for directory 'C:/Users/kpearso1/Desktop/Animate_Girl/Content/' took 0.00s
[2020.09.17-17.57.26:985][  0]SourceControl: Source control is disabled
[2020.09.17-17.57.26:986][  0]LogUnrealEdMisc: Loading editor; pre map load, took 6.572
[2020.09.17-17.57.26:986][  0]Cmd: MAP LOAD FILE="../../../../../../Users/kpearso1/Desktop/Animate_Girl/Content/2DSideScrollerBP/Maps/2DSideScrollerExampleMap.umap" TEMPLATE=0 SHOWPROGRESS=1 FEATURELEVEL=3
[2020.09.17-17.57.26:986][  0]LightingResults: New page: Lighting Build
[2020.09.17-17.57.26:987][  0]LogWorld: UWorld::CleanupWorld for Untitled, bSessionEnded=true, bCleanupResources=true
[2020.09.17-17.57.26:987][  0]LogSlate: InvalidateAllWidgets triggered.  All widgets were invalidated
[2020.09.17-17.57.26:987][  0]MapCheck: New page: Map Check
[2020.09.17-17.57.26:987][  0]LightingResults: New page: Lighting Build
[2020.09.17-17.57.26:996][  0]LogAISub: UAISubsystem::~UAISubsystem EnvQueryManager (0000011D038B0600), frame # 0
[2020.09.17-17.57.26:996][  0]LogAISub: UAISubsystem::~UAISubsystem AIPerceptionSystem (0000011D038ADBC0), frame # 0
[2020.09.17-17.57.26:997][  0]LogUObjectHash: Compacting FUObjectHashTables data took   0.68ms
[2020.09.17-17.57.27:730][  0]LogTexture: Display: Building textures: Girl_06 (AutoDXT, 2048X1024)
[2020.09.17-17.57.27:730][  0]LogTexture: Display: Building textures: Girl_jomp (AutoDXT, 2048X2048)
[2020.09.17-17.57.27:732][  0]LogAIModule: Creating AISystem for world 2DSideScrollerExampleMap
[2020.09.17-17.57.27:732][  0]LogAISub: UAISubsystem::UAISubsystem EnvQueryManager (0000011D06753E00), frame # 0
[2020.09.17-17.57.27:732][  0]LogAISub: UAISubsystem::UAISubsystem AIPerceptionSystem (0000011D7BBF4CC0), frame # 0
[2020.09.17-17.57.27:735][  0]LogEditorServer: Finished looking for orphan Actors (0.000 secs)
[2020.09.17-17.57.27:744][  0]LogUObjectHash: Compacting FUObjectHashTables data took   0.79ms
[2020.09.17-17.57.27:751][  0]Cmd: MAP CHECKDEP NOCLEARLOG
[2020.09.17-17.57.27:751][  0]MapCheck: Map check complete: 0 Error(s), 0 Warning(s), took 0.157ms to complete.
[2020.09.17-17.57.27:751][  0]LogFileHelpers: Loading map '2DSideScrollerExampleMap' took 0.765
[2020.09.17-17.57.27:753][  0]LogUnrealEdMisc: Total Editor Startup Time, took 7.339
[2020.09.17-17.57.27:898][  0]LogSlate: Updating window title bar state: overlay mode, drag disabled, window buttons hidden, title bar hidden
[2020.09.17-17.57.27:904][  0]LogSlate: Updating window title bar state: overlay mode, drag disabled, window buttons hidden, title bar hidden
[2020.09.17-17.57.27:912][  0]LogSlate: Updating window title bar state: overlay mode, drag disabled, window buttons hidden, title bar hidden
[2020.09.17-17.57.27:922][  0]LogSlate: Updating window title bar state: overlay mode, drag disabled, window buttons hidden, title bar hidden
[2020.09.17-17.57.27:930][  0]LogCollectionManager: Loaded 0 collections in 0.001810 seconds
[2020.09.17-17.57.27:946][  0]LogFileCache: Scanning file cache for directory 'C:/Users/kpearso1/Desktop/Animate_Girl/Saved/Collections/' took 0.00s
[2020.09.17-17.57.27:946][  0]LogFileCache: Scanning file cache for directory 'C:/Users/kpearso1/Desktop/Animate_Girl/Content/Developers/kpearso1/Collections/' took 0.00s
[2020.09.17-17.57.27:946][  0]LogFileCache: Scanning file cache for directory 'C:/Users/kpearso1/Desktop/Animate_Girl/Content/Collections/' took 0.00s
[2020.09.17-17.57.27:946][  0]LogContentBrowser: Native class hierarchy populated in 0.0083 seconds. Added 3427 classes and 821 folders.
[2020.09.17-17.57.27:948][  0]LogContentBrowser: Native class hierarchy updated for 'WidgetCarousel' in 0.0002 seconds. Added 0 classes and 0 folders.
[2020.09.17-17.57.27:999][  0]LogContentBrowser: Native class hierarchy updated for 'AddContentDialog' in 0.0002 seconds. Added 0 classes and 0 folders.
[2020.09.17-17.57.28:000][  0]LogContentBrowser: Native class hierarchy updated for 'SceneOutliner' in 0.0002 seconds. Added 2 classes and 0 folders.
[2020.09.17-17.57.28:032][  0]LogSlate: Took 0.000236 seconds to synchronously load lazily loaded font '../../../Engine/Content/Slate/Fonts/Roboto-Regular.ttf' (155K)
[2020.09.17-17.57.28:034][  0]LogSlate: Took 0.000107 seconds to synchronously load lazily loaded font '../../../Engine/Content/Slate/Fonts/Roboto-Bold.ttf' (160K)
[2020.09.17-17.57.28:037][  0]LogSlate: Took 0.000119 seconds to synchronously load lazily loaded font '../../../Engine/Content/Editor/Slate/Fonts/FontAwesome.ttf' (139K)
[2020.09.17-17.57.28:102][  0]LogRenderer: Reallocating scene render targets to support 1056x556 Format 10 NumSamples 1 (Frame:1).
[2020.09.17-17.57.28:261][  0]LogSlate: Window 'Tutorials' being destroyed
[2020.09.17-17.57.28:270][  0]LogContentBrowser: Native class hierarchy updated for 'HierarchicalLODOutliner' in 0.0002 seconds. Added 0 classes and 0 folders.
[2020.09.17-17.57.28:270][  0]LogLoad: (Engine Initialization) Total time: 7.86 seconds
[2020.09.17-17.57.28:270][  0]LogLoad: (Engine Initialization) Total Blueprint compile time: 0.00 seconds
[2020.09.17-17.57.28:355][  0]LogAssetRegistry: Asset discovery search completed in 4.4641 seconds
[2020.09.17-17.57.28:359][  0]LogCollectionManager: Fixed up redirectors for 0 collections in 0.000002 seconds (updated 0 objects)
[2020.09.17-17.57.28:359][  0]LogContentStreaming: Texture pool size now 1000 MB
[2020.09.17-17.57.28:384][  0]LogSlate: Took 0.000094 seconds to synchronously load lazily loaded font '../../../Engine/Content/Slate/Fonts/Roboto-Light.ttf' (167K)
[2020.09.17-17.57.59:792][846]LogSlate: Took 0.000148 seconds to synchronously load lazily loaded font '../../../Engine/Content/Slate/Fonts/Roboto-Light.ttf' (167K)
[2020.09.17-17.57.59:817][846]LogFactory: FactoryCreateFile: Texture with ReimportTextureFactory (0 0 ../../../../../../Users/kpearso1/Downloads/Girl_07.png)
[2020.09.17-17.57.59:921][846]LogTexture: Display: Building textures: Girl_07 (AutoDXT, 4096X2048)
[2020.09.17-17.58.05:353][338]LogSlate: Took 0.000171 seconds to synchronously load lazily loaded font '../../../Engine/Content/Slate/Fonts/Roboto-BoldCondensed.ttf' (158K)
[2020.09.17-17.58.13:970][205]LogSlate: Window 'Extract sprites' being destroyed
[2020.09.17-17.58.26:916][715]LogSavePackage: Moving '../../../../../../Users/kpearso1/Desktop/Animate_Girl/Saved/Girl_07_Sprite_078B46FD849DEC75262355D8DF3F96CD7.tmp' to '../../../../../../Users/kpearso1/Desktop/Animate_Girl/Content/2DSideScrollerBP/Sprites/Jump/Girl_07_Sprite_0.uasset'
[2020.09.17-17.58.26:936][715]LogSavePackage: Moving '../../../../../../Users/kpearso1/Desktop/Animate_Girl/Saved/Girl_07_Sprite_123A729054248CDBA01393AAB0743DB28.tmp' to '../../../../../../Users/kpearso1/Desktop/Animate_Girl/Content/2DSideScrollerBP/Sprites/Jump/Girl_07_Sprite_1.uasset'
[2020.09.17-17.58.26:952][715]LogSavePackage: Moving '../../../../../../Users/kpearso1/Desktop/Animate_Girl/Saved/Girl_07_Sprite_2DF8E4A6E4662DE3F364A319408967F8B.tmp' to '../../../../../../Users/kpearso1/Desktop/Animate_Girl/Content/2DSideScrollerBP/Sprites/Jump/Girl_07_Sprite_2.uasset'
[2020.09.17-17.58.26:969][715]LogSavePackage: Moving '../../../../../../Users/kpearso1/Desktop/Animate_Girl/Saved/Girl_07_Sprite_3C88DDF954EB068F0205E14ABF737DCF2.tmp' to '../../../../../../Users/kpearso1/Desktop/Animate_Girl/Content/2DSideScrollerBP/Sprites/Jump/Girl_07_Sprite_3.uasset'
[2020.09.17-17.58.26:987][715]LogSavePackage: Moving '../../../../../../Users/kpearso1/Desktop/Animate_Girl/Saved/Girl_07_Sprite_445EE35894A511A0B815B4DA0DAA18B78.tmp' to '../../../../../../Users/kpearso1/Desktop/Animate_Girl/Content/2DSideScrollerBP/Sprites/Jump/Girl_07_Sprite_4.uasset'
[2020.09.17-17.58.27:002][715]LogSavePackage: Moving '../../../../../../Users/kpearso1/Desktop/Animate_Girl/Saved/Girl_07_Sprite_5BA3C516B42983F4C8E04738E01C9B7FC.tmp' to '../../../../../../Users/kpearso1/Desktop/Animate_Girl/Content/2DSideScrollerBP/Sprites/Jump/Girl_07_Sprite_5.uasset'
[2020.09.17-17.58.27:018][715]LogSavePackage: Moving '../../../../../../Users/kpearso1/Desktop/Animate_Girl/Saved/Girl_07_Sprite_67B99094147B82EB903AD97BAAFEBCC7B.tmp' to '../../../../../../Users/kpearso1/Desktop/Animate_Girl/Content/2DSideScrollerBP/Sprites/Jump/Girl_07_Sprite_6.uasset'
[2020.09.17-17.58.27:036][715]LogSavePackage: Moving '../../../../../../Users/kpearso1/Desktop/Animate_Girl/Saved/Girl_07_Sprite_76FAB79034F85A310F4DDB2B3AA710697.tmp' to '../../../../../../Users/kpearso1/Desktop/Animate_Girl/Content/2DSideScrollerBP/Sprites/Jump/Girl_07_Sprite_7.uasset'
[2020.09.17-17.58.27:053][715]LogSavePackage: Moving '../../../../../../Users/kpearso1/Desktop/Animate_Girl/Saved/Girl_07_Sprite_81EE2948A451A043F6E8B23A14E891722.tmp' to '../../../../../../Users/kpearso1/Desktop/Animate_Girl/Content/2DSideScrollerBP/Sprites/Jump/Girl_07_Sprite_8.uasset'
[2020.09.17-17.58.27:072][715]LogSavePackage: Moving '../../../../../../Users/kpearso1/Desktop/Animate_Girl/Saved/Girl_07_Sprite_94FFA8AB24ABF94F98CC4E2B0C22E29F7.tmp' to '../../../../../../Users/kpearso1/Desktop/Animate_Girl/Content/2DSideScrollerBP/Sprites/Jump/Girl_07_Sprite_9.uasset'
[2020.09.17-17.58.27:091][715]LogSavePackage: Moving '../../../../../../Users/kpearso1/Desktop/Animate_Girl/Saved/Girl_07_Sprite_101CF3B4B3409A85786DAF29A4A3FEEB2B.tmp' to '../../../../../../Users/kpearso1/Desktop/Animate_Girl/Content/2DSideScrollerBP/Sprites/Jump/Girl_07_Sprite_10.uasset'
[2020.09.17-17.58.27:118][715]LogSavePackage: Moving '../../../../../../Users/kpearso1/Desktop/Animate_Girl/Saved/Girl_07_Sprite_1115E557424A1CDC9ADF4102A243ECD94C.tmp' to '../../../../../../Users/kpearso1/Desktop/Animate_Girl/Content/2DSideScrollerBP/Sprites/Jump/Girl_07_Sprite_11.uasset'
[2020.09.17-17.58.27:136][715]LogSavePackage: Moving '../../../../../../Users/kpearso1/Desktop/Animate_Girl/Saved/Girl_07_Sprite_1287538DA548C509757C087F82DEF6FB9C.tmp' to '../../../../../../Users/kpearso1/Desktop/Animate_Girl/Content/2DSideScrollerBP/Sprites/Jump/Girl_07_Sprite_12.uasset'
[2020.09.17-17.58.27:157][715]LogSavePackage: Moving '../../../../../../Users/kpearso1/Desktop/Animate_Girl/Saved/Girl_07_Sprite_130AD4E0A24F48D58BDBD07EA8A0076833.tmp' to '../../../../../../Users/kpearso1/Desktop/Animate_Girl/Content/2DSideScrollerBP/Sprites/Jump/Girl_07_Sprite_13.uasset'
[2020.09.17-17.58.27:173][715]LogSavePackage: Moving '../../../../../../Users/kpearso1/Desktop/Animate_Girl/Saved/Girl_07_Sprite_149630B1B44734BA5480702DB21C445A84.tmp' to '../../../../../../Users/kpearso1/Desktop/Animate_Girl/Content/2DSideScrollerBP/Sprites/Jump/Girl_07_Sprite_14.uasset'
[2020.09.17-17.58.27:191][715]LogSavePackage: Moving '../../../../../../Users/kpearso1/Desktop/Animate_Girl/Saved/Girl_07_Sprite_1503A199744C3BCB9CE211ACB775A1DA9B.tmp' to '../../../../../../Users/kpearso1/Desktop/Animate_Girl/Content/2DSideScrollerBP/Sprites/Jump/Girl_07_Sprite_15.uasset'
[2020.09.17-17.58.27:207][715]LogSavePackage: Moving '../../../../../../Users/kpearso1/Desktop/Animate_Girl/Saved/Girl_07_Sprite_1649964A7C4085DAFCBCFE72B39F947843.tmp' to '../../../../../../Users/kpearso1/Desktop/Animate_Girl/Content/2DSideScrollerBP/Sprites/Jump/Girl_07_Sprite_16.uasset'
[2020.09.17-17.58.27:222][715]LogSavePackage: Moving '../../../../../../Users/kpearso1/Desktop/Animate_Girl/Saved/Girl_07_Sprite_17161058CF45840E94432A0A8FA9BDD078.tmp' to '../../../../../../Users/kpearso1/Desktop/Animate_Girl/Content/2DSideScrollerBP/Sprites/Jump/Girl_07_Sprite_17.uasset'
[2020.09.17-17.58.27:238][715]LogSavePackage: Moving '../../../../../../Users/kpearso1/Desktop/Animate_Girl/Saved/Girl_07_Sprite_18B2790DDC46C136EEE873EF8B04FC1FE5.tmp' to '../../../../../../Users/kpearso1/Desktop/Animate_Girl/Content/2DSideScrollerBP/Sprites/Jump/Girl_07_Sprite_18.uasset'
[2020.09.17-17.58.27:774][715]LogUObjectHash: Compacting FUObjectHashTables data took   0.50ms
[2020.09.17-17.58.27:783][715]LogUObjectHash: Compacting FUObjectHashTables data took   0.19ms
[2020.09.17-17.58.27:790][715]LogUObjectHash: Compacting FUObjectHashTables data took   0.19ms
[2020.09.17-17.58.27:798][715]LogUObjectHash: Compacting FUObjectHashTables data took   0.19ms
[2020.09.17-17.58.27:805][715]LogUObjectHash: Compacting FUObjectHashTables data took   0.19ms
[2020.09.17-17.58.27:813][715]LogUObjectHash: Compacting FUObjectHashTables data took   0.19ms
[2020.09.17-17.58.27:820][715]LogUObjectHash: Compacting FUObjectHashTables data took   0.21ms
[2020.09.17-17.58.27:828][715]LogUObjectHash: Compacting FUObjectHashTables data took   0.19ms
[2020.09.17-17.58.27:836][715]LogUObjectHash: Compacting FUObjectHashTables data took   0.21ms
[2020.09.17-17.58.27:843][715]LogUObjectHash: Compacting FUObjectHashTables data took   0.19ms
[2020.09.17-17.58.27:850][715]LogUObjectHash: Compacting FUObjectHashTables data took   0.20ms
[2020.09.17-17.58.27:857][715]LogUObjectHash: Compacting FUObjectHashTables data took   0.20ms
[2020.09.17-17.58.27:865][715]LogUObjectHash: Compacting FUObjectHashTables data took   0.19ms
[2020.09.17-17.58.27:873][715]LogUObjectHash: Compacting FUObjectHashTables data took   0.26ms
[2020.09.17-17.58.27:881][715]LogUObjectHash: Compacting FUObjectHashTables data took   0.28ms
[2020.09.17-17.58.27:888][715]LogUObjectHash: Compacting FUObjectHashTables data took   0.19ms
[2020.09.17-17.58.27:895][715]LogUObjectHash: Compacting FUObjectHashTables data took   0.28ms
[2020.09.17-17.58.27:902][715]LogUObjectHash: Compacting FUObjectHashTables data took   0.19ms
[2020.09.17-17.58.27:910][715]LogUObjectHash: Compacting FUObjectHashTables data took   0.26ms
[2020.09.17-17.58.27:922][715]LogUObjectHash: Compacting FUObjectHashTables data took   0.50ms
[2020.09.17-17.58.27:929][715]LogUObjectHash: Compacting FUObjectHashTables data took   0.19ms
[2020.09.17-17.58.27:977][715]AssetCheck: New page: Asset Save: multiple assets
[2020.09.17-17.58.27:977][715]LogContentValidation: Display: Validating PaperSprite /Game/2DSideScrollerBP/Sprites/Jump/Girl_07_Sprite_0.Girl_07_Sprite_0
[2020.09.17-17.58.27:977][715]LogContentValidation: Display: Validating PaperSprite /Game/2DSideScrollerBP/Sprites/Jump/Girl_07_Sprite_1.Girl_07_Sprite_1
[2020.09.17-17.58.27:977][715]LogContentValidation: Display: Validating PaperSprite /Game/2DSideScrollerBP/Sprites/Jump/Girl_07_Sprite_2.Girl_07_Sprite_2
[2020.09.17-17.58.27:977][715]LogContentValidation: Display: Validating PaperSprite /Game/2DSideScrollerBP/Sprites/Jump/Girl_07_Sprite_3.Girl_07_Sprite_3
[2020.09.17-17.58.27:977][715]LogContentValidation: Display: Validating PaperSprite /Game/2DSideScrollerBP/Sprites/Jump/Girl_07_Sprite_4.Girl_07_Sprite_4
[2020.09.17-17.58.27:977][715]LogContentValidation: Display: Validating PaperSprite /Game/2DSideScrollerBP/Sprites/Jump/Girl_07_Sprite_5.Girl_07_Sprite_5
[2020.09.17-17.58.27:977][715]LogContentValidation: Display: Validating PaperSprite /Game/2DSideScrollerBP/Sprites/Jump/Girl_07_Sprite_6.Girl_07_Sprite_6
[2020.09.17-17.58.27:977][715]LogContentValidation: Display: Validating PaperSprite /Game/2DSideScrollerBP/Sprites/Jump/Girl_07_Sprite_7.Girl_07_Sprite_7
[2020.09.17-17.58.27:977][715]LogContentValidation: Display: Validating PaperSprite /Game/2DSideScrollerBP/Sprites/Jump/Girl_07_Sprite_8.Girl_07_Sprite_8
[2020.09.17-17.58.27:977][715]LogContentValidation: Display: Validating PaperSprite /Game/2DSideScrollerBP/Sprites/Jump/Girl_07_Sprite_9.Girl_07_Sprite_9
[2020.09.17-17.58.27:977][715]LogContentValidation: Display: Validating PaperSprite /Game/2DSideScrollerBP/Sprites/Jump/Girl_07_Sprite_10.Girl_07_Sprite_10
[2020.09.17-17.58.27:977][715]LogContentValidation: Display: Validating PaperSprite /Game/2DSideScrollerBP/Sprites/Jump/Girl_07_Sprite_11.Girl_07_Sprite_11
[2020.09.17-17.58.27:978][715]LogContentValidation: Display: Validating PaperSprite /Game/2DSideScrollerBP/Sprites/Jump/Girl_07_Sprite_12.Girl_07_Sprite_12
[2020.09.17-17.58.27:978][715]LogContentValidation: Display: Validating PaperSprite /Game/2DSideScrollerBP/Sprites/Jump/Girl_07_Sprite_13.Girl_07_Sprite_13
[2020.09.17-17.58.27:978][715]LogContentValidation: Display: Validating PaperSprite /Game/2DSideScrollerBP/Sprites/Jump/Girl_07_Sprite_14.Girl_07_Sprite_14
[2020.09.17-17.58.27:978][715]LogContentValidation: Display: Validating PaperSprite /Game/2DSideScrollerBP/Sprites/Jump/Girl_07_Sprite_15.Girl_07_Sprite_15
[2020.09.17-17.58.27:978][715]LogContentValidation: Display: Validating PaperSprite /Game/2DSideScrollerBP/Sprites/Jump/Girl_07_Sprite_16.Girl_07_Sprite_16
[2020.09.17-17.58.27:978][715]LogContentValidation: Display: Validating PaperSprite /Game/2DSideScrollerBP/Sprites/Jump/Girl_07_Sprite_17.Girl_07_Sprite_17
[2020.09.17-17.58.27:978][715]LogContentValidation: Display: Validating PaperSprite /Game/2DSideScrollerBP/Sprites/Jump/Girl_07_Sprite_18.Girl_07_Sprite_18
[2020.09.17-17.58.40:125][139]LogSlate: Warning: Ignoring SetUserFocus because it's not an active modal Window (user 0 not set to SAssetView [SContentBrowser.cpp(784)].
[2020.09.17-17.58.53:508][719]Cmd: OBJ SAVEPACKAGE PACKAGE="/Game/2DSideScrollerBP/Flipbooks/Girl_Jump" FILE="../../../../../../Users/kpearso1/Desktop/Animate_Girl/Content/2DSideScrollerBP/Flipbooks/Girl_Jump.uasset" SILENT=true
[2020.09.17-17.58.53:517][719]LogSavePackage: Moving '../../../../../../Users/kpearso1/Desktop/Animate_Girl/Saved/Girl_JumpC2AB9A3C42F29F9A55B958BAAF6153EC.tmp' to '../../../../../../Users/kpearso1/Desktop/Animate_Girl/Content/2DSideScrollerBP/Flipbooks/Girl_Jump.uasset'
[2020.09.17-17.58.53:593][719]LogUObjectHash: Compacting FUObjectHashTables data took   0.57ms
[2020.09.17-17.58.53:606][719]LogUObjectHash: Compacting FUObjectHashTables data took   0.46ms
[2020.09.17-17.58.53:614][719]LogUObjectHash: Compacting FUObjectHashTables data took   0.20ms
[2020.09.17-17.58.53:630][719]AssetCheck: New page: Asset Save: Girl_Jump
[2020.09.17-17.58.53:630][719]LogContentValidation: Display: Validating PaperFlipbook /Game/2DSideScrollerBP/Flipbooks/Girl_Jump.Girl_Jump
[2020.09.17-17.59.23:062][232]LogAssetEditorSubsystem: Opening Asset editor for Blueprint /Game/2DSideScrollerBP/Blueprints/2DSideScrollerCharacter.2DSideScrollerCharacter
[2020.09.17-17.59.23:235][232]LogContentBrowser: Native class hierarchy updated for 'BlueprintGraph' in 0.0005 seconds. Added 125 classes and 0 folders.
[2020.09.17-17.59.24:127][233]LogSlate: Took 0.000151 seconds to synchronously load lazily loaded font '../../../Engine/Content/Slate/Fonts/Roboto-Italic.ttf' (157K)
[2020.09.17-17.59.37:073][590]BlueprintLog: New page: Compile 2DSideScrollerCharacter
[2020.09.17-17.59.37:124][590]LogUObjectHash: Compacting FUObjectHashTables data took   1.69ms
[2020.09.17-17.59.37:821][649]LogSavePackage: Moving '../../../../../../Users/kpearso1/Desktop/Animate_Girl/Saved/2DSideScrollerCharacter9929E9954FD28940DB19F2A42A94BE4F.tmp' to '../../../../../../Users/kpearso1/Desktop/Animate_Girl/Content/2DSideScrollerBP/Blueprints/2DSideScrollerCharacter.uasset'
[2020.09.17-17.59.37:832][649]AssetCheck: New page: Asset Save: 2DSideScrollerCharacter
[2020.09.17-17.59.37:832][649]LogContentValidation: Display: Validating Blueprint /Game/2DSideScrollerBP/Blueprints/2DSideScrollerCharacter.2DSideScrollerCharacter
[2020.09.17-17.59.39:236][788]LogSlate: Window '2DSideScrollerCharacter' being destroyed
[2020.09.17-17.59.39:240][788]LogSlate: Window '2DSideScrollerCharacter' being destroyed
[2020.09.17-17.59.39:246][788]LogWorld: UWorld::CleanupWorld for World_0, bSessionEnded=true, bCleanupResources=true
[2020.09.17-17.59.39:246][788]LogSlate: InvalidateAllWidgets triggered.  All widgets were invalidated
[2020.09.17-17.59.39:928][860]LogTemp: Repeating last play command: New Editor Window (PIE)
[2020.09.17-17.59.39:941][860]LogPlayLevel: PlayLevel: No blueprints needed recompiling
[2020.09.17-17.59.39:941][860]PIE: New page: PIE session: 2DSideScrollerExampleMap (Sep 17, 2020, 9:59:39 AM)
[2020.09.17-17.59.39:942][860]LogOnline: OSS: Creating online subsystem instance for: NULL
[2020.09.17-17.59.39:943][860]LogOnline: OSS: TryLoadSubsystemAndSetDefault: Loaded subsystem for module [NULL]
[2020.09.17-17.59.39:943][860]LogPlayLevel: Creating play world package: /Game/2DSideScrollerBP/Maps/UEDPIE_0_2DSideScrollerExampleMap
[2020.09.17-17.59.39:945][860]LogPlayLevel: PIE: StaticDuplicateObject took: (0.002074s)
[2020.09.17-17.59.39:946][860]LogAIModule: Creating AISystem for world 2DSideScrollerExampleMap
[2020.09.17-17.59.39:946][860]LogAISub: UAISubsystem::UAISubsystem EnvQueryManager (0000011D3BE4BE00), frame # 13860
[2020.09.17-17.59.39:946][860]LogAISub: UAISubsystem::UAISubsystem AIPerceptionSystem (0000011D4660A340), frame # 13860
[2020.09.17-17.59.39:946][860]LogPlayLevel: PIE: World Init took: (0.000834s)
[2020.09.17-17.59.39:946][860]LogPlayLevel: PIE: Created PIE world by copying editor world from /Game/2DSideScrollerBP/Maps/2DSideScrollerExampleMap.2DSideScrollerExampleMap to /Game/2DSideScrollerBP/Maps/UEDPIE_0_2DSideScrollerExampleMap.2DSideScrollerExampleMap (0.003002s)
[2020.09.17-17.59.39:965][860]LogUObjectHash: Compacting FUObjectHashTables data took   2.01ms
[2020.09.17-17.59.39:966][860]LogAudioMixer: Display: Audio Mixer Platform Settings:
[2020.09.17-17.59.39:966][860]LogAudioMixer: Display: 	Sample Rate:						  48000
[2020.09.17-17.59.39:966][860]LogAudioMixer: Display: 	Callback Buffer Frame Size Requested: 1024
[2020.09.17-17.59.39:966][860]LogAudioMixer: Display: 	Callback Buffer Frame Size To Use:	  1024
[2020.09.17-17.59.39:966][860]LogAudioMixer: Display: 	Number of buffers to queue:			  2
[2020.09.17-17.59.39:966][860]LogAudioMixer: Display: 	Max Channels (voices):				  32
[2020.09.17-17.59.39:966][860]LogAudioMixer: Display: 	Number of Async Source Workers:		  0
[2020.09.17-17.59.39:966][860]LogAudio: Display: AudioDevice MaxSources: 32
[2020.09.17-17.59.39:966][860]LogAudio: Display: Using built-in audio occlusion.
[2020.09.17-17.59.39:966][860]LogAudioMixer: Display: Initializing audio mixer.
[2020.09.17-17.59.39:971][860]LogAudioMixer: Display: 0: FrontLeft
[2020.09.17-17.59.39:971][860]LogAudioMixer: Display: 1: FrontRight
[2020.09.17-17.59.39:987][860]LogAudioMixer: Display: Using Audio Device C22W (2- NVIDIA High Definition Audio)
[2020.09.17-17.59.39:988][860]LogAudioMixer: Display: Initializing Sound Submixes...
[2020.09.17-17.59.39:988][860]LogAudioMixer: Display: Creating Master Submix 'MasterSubmixDefault'
[2020.09.17-17.59.39:988][860]LogAudioMixer: Display: Creating Master Submix 'MasterReverbSubmixDefault'
[2020.09.17-17.59.39:988][860]LogAudioMixer: Display: Creating Master Submix 'MasterEQSubmixDefault'
[2020.09.17-17.59.40:001][860]LogInit: FAudioDevice initialized.
[2020.09.17-17.59.40:055][860]LogSlate: Updating window title bar state: overlay mode, drag disabled, window buttons hidden, title bar hidden
[2020.09.17-17.59.40:055][860]LogLoad: Game class is '2DSideScrollerGameMode_C'
[2020.09.17-17.59.40:057][860]LogWorld: Bringing World /Game/2DSideScrollerBP/Maps/UEDPIE_0_2DSideScrollerExampleMap.2DSideScrollerExampleMap up for play (max tick rate 0) at 2020.09.17-13.59.40
[2020.09.17-17.59.40:058][860]LogWorld: Bringing up level for play took: 0.001047
[2020.09.17-17.59.40:058][860]LogOnline: OSS: Creating online subsystem instance for: :Context_2
[2020.09.17-17.59.40:061][860]LogContentBrowser: Native class hierarchy updated for 'MovieSceneCapture' in 0.0003 seconds. Added 20 classes and 0 folders.
[2020.09.17-17.59.40:062][860]PIE: Server logged in
[2020.09.17-17.59.40:063][860]PIE: Play in editor total start time 0.123 seconds.
[2020.09.17-17.59.40:100][861]LogRenderer: Reallocating scene render targets to support 1280x720 Format 10 NumSamples 1 (Frame:1).
[2020.09.17-17.59.48:879][878]LogSlate: Updating window title bar state: overlay mode, drag disabled, window buttons hidden, title bar hidden
[2020.09.17-17.59.48:879][878]LogWorld: BeginTearingDown for /Game/2DSideScrollerBP/Maps/UEDPIE_0_2DSideScrollerExampleMap
[2020.09.17-17.59.48:880][878]LogSlate: Window 'Animate_Girl Preview [NetMode: Standalone] (64-bit/Windows) ' being destroyed
[2020.09.17-17.59.48:885][878]LogWorld: UWorld::CleanupWorld for 2DSideScrollerExampleMap, bSessionEnded=true, bCleanupResources=true
[2020.09.17-17.59.48:885][878]LogSlate: InvalidateAllWidgets triggered.  All widgets were invalidated
[2020.09.17-17.59.48:893][878]LogPlayLevel: Display: Shutting down PIE online subsystems
[2020.09.17-17.59.48:896][878]LogSlate: InvalidateAllWidgets triggered.  All widgets were invalidated
[2020.09.17-17.59.48:946][878]LogAISub: UAISubsystem::~UAISubsystem AIPerceptionSystem (0000011D4660A340), frame # 14878
[2020.09.17-17.59.48:946][878]LogAISub: UAISubsystem::~UAISubsystem EnvQueryManager (0000011D3BE4BE00), frame # 14878
[2020.09.17-17.59.48:968][878]LogUObjectHash: Compacting FUObjectHashTables data took   2.49ms
[2020.09.17-17.59.48:992][879]LogPlayLevel: Display: Destroying online subsystem :Context_2
[2020.09.17-18.01.50:113][384]LogSlate: Window 'Tutorials' being destroyed
[2020.09.17-18.07.37:161][959]LogUObjectHash: Compacting FUObjectHashTables data took   2.71ms
[2020.09.17-18.07.37:189][959]LogSavePackage: Moving '../../../../../../Users/kpearso1/Desktop/Animate_Girl/Saved/2DSideScrollerExampleMap_Auto18A88205340D312FDC0F651B723407FCD.tmp' to '../../../../../../Users/kpearso1/Desktop/Animate_Girl/Saved/Autosaves/Game/2DSideScrollerBP/Maps/2DSideScrollerExampleMap_Auto1.umap'
[2020.09.17-18.07.37:194][959]LogFileHelpers: Editor autosave (incl. sublevels) for '/Game/2DSideScrollerBP/Maps/2DSideScrollerExampleMap' took 0.076
[2020.09.17-18.07.37:194][959]LogFileHelpers: Editor autosave (incl. sublevels) for all levels took 0.076
[2020.09.17-18.07.37:194][959]OBJ SavePackage: Generating thumbnails for [1] asset(s) in package [/Game/2DSideScrollerBP/Textures/Girl_07] ([1] browsable assets)...
[2020.09.17-18.07.37:197][959]OBJ SavePackage:     Rendered thumbnail for [Texture2D /Game/2DSideScrollerBP/Textures/Girl_07.Girl_07]
[2020.09.17-18.07.37:197][959]OBJ SavePackage: Finished generating thumbnails for package [/Game/2DSideScrollerBP/Textures/Girl_07]
[2020.09.17-18.07.37:385][959]LogSavePackage: Moving '../../../../../../Users/kpearso1/Desktop/Animate_Girl/Saved/Girl_07_Auto137C144DB4DF08BAFB102DF8E264C4316.tmp' to '../../../../../../Users/kpearso1/Desktop/Animate_Girl/Saved/Autosaves/Game/2DSideScrollerBP/Textures/Girl_07_Auto1.uasset'
[2020.09.17-18.07.37:386][959]LogFileHelpers: Auto-saving content packages took 0.193
[2020.09.17-18.08.13:585][296]LogTemp: Repeating last play command: New Editor Window (PIE)
[2020.09.17-18.08.13:598][296]LogPlayLevel: PlayLevel: No blueprints needed recompiling
[2020.09.17-18.08.13:598][296]PIE: New page: PIE session: 2DSideScrollerExampleMap (Sep 17, 2020, 10:08:13 AM)
[2020.09.17-18.08.13:598][296]LogPlayLevel: Creating play world package: /Game/2DSideScrollerBP/Maps/UEDPIE_0_2DSideScrollerExampleMap
[2020.09.17-18.08.13:601][296]LogPlayLevel: PIE: StaticDuplicateObject took: (0.002707s)
[2020.09.17-18.08.13:602][296]LogAIModule: Creating AISystem for world 2DSideScrollerExampleMap
[2020.09.17-18.08.13:602][296]LogAISub: UAISubsystem::UAISubsystem EnvQueryManager (0000011D3313A200), frame # 75296
[2020.09.17-18.08.13:602][296]LogAISub: UAISubsystem::UAISubsystem AIPerceptionSystem (0000011D3498B880), frame # 75296
[2020.09.17-18.08.13:602][296]LogPlayLevel: PIE: World Init took: (0.001026s)
[2020.09.17-18.08.13:602][296]LogPlayLevel: PIE: Created PIE world by copying editor world from /Game/2DSideScrollerBP/Maps/2DSideScrollerExampleMap.2DSideScrollerExampleMap to /Game/2DSideScrollerBP/Maps/UEDPIE_0_2DSideScrollerExampleMap.2DSideScrollerExampleMap (0.003885s)
[2020.09.17-18.08.13:617][296]LogUObjectHash: Compacting FUObjectHashTables data took   1.81ms
[2020.09.17-18.08.13:620][296]LogAudioMixer: Display: Audio Mixer Platform Settings:
[2020.09.17-18.08.13:620][296]LogAudioMixer: Display: 	Sample Rate:						  48000
[2020.09.17-18.08.13:620][296]LogAudioMixer: Display: 	Callback Buffer Frame Size Requested: 1024
[2020.09.17-18.08.13:620][296]LogAudioMixer: Display: 	Callback Buffer Frame Size To Use:	  1024
[2020.09.17-18.08.13:620][296]LogAudioMixer: Display: 	Number of buffers to queue:			  2
[2020.09.17-18.08.13:620][296]LogAudioMixer: Display: 	Max Channels (voices):				  32
[2020.09.17-18.08.13:620][296]LogAudioMixer: Display: 	Number of Async Source Workers:		  0
[2020.09.17-18.08.13:620][296]LogAudio: Display: AudioDevice MaxSources: 32
[2020.09.17-18.08.13:621][296]LogAudio: Display: Using built-in audio occlusion.
[2020.09.17-18.08.13:621][296]LogAudioMixer: Display: Initializing audio mixer.
[2020.09.17-18.08.13:626][296]LogAudioMixer: Display: 0: FrontLeft
[2020.09.17-18.08.13:626][296]LogAudioMixer: Display: 1: FrontRight
[2020.09.17-18.08.13:645][296]LogAudioMixer: Display: Using Audio Device C22W (2- NVIDIA High Definition Audio)
[2020.09.17-18.08.13:645][296]LogAudioMixer: Display: Initializing Sound Submixes...
[2020.09.17-18.08.13:645][296]LogAudioMixer: Display: Creating Master Submix 'MasterSubmixDefault'
[2020.09.17-18.08.13:645][296]LogAudioMixer: Display: Creating Master Submix 'MasterReverbSubmixDefault'
[2020.09.17-18.08.13:645][296]LogAudioMixer: Display: Creating Master Submix 'MasterEQSubmixDefault'
[2020.09.17-18.08.13:660][296]LogInit: FAudioDevice initialized.
[2020.09.17-18.08.13:706][296]LogSlate: Updating window title bar state: overlay mode, drag disabled, window buttons hidden, title bar hidden
[2020.09.17-18.08.13:706][296]LogLoad: Game class is '2DSideScrollerGameMode_C'
[2020.09.17-18.08.13:708][296]LogWorld: Bringing World /Game/2DSideScrollerBP/Maps/UEDPIE_0_2DSideScrollerExampleMap.2DSideScrollerExampleMap up for play (max tick rate 0) at 2020.09.17-14.08.13
[2020.09.17-18.08.13:708][296]LogWorld: Bringing up level for play took: 0.001115
[2020.09.17-18.08.13:708][296]LogOnline: OSS: Creating online subsystem instance for: :Context_3
[2020.09.17-18.08.13:712][296]PIE: Server logged in
[2020.09.17-18.08.13:714][296]PIE: Play in editor total start time 0.117 seconds.
[2020.09.17-18.08.19:166][942]LogSlate: Updating window title bar state: overlay mode, drag disabled, window buttons hidden, title bar hidden
[2020.09.17-18.08.19:167][942]LogWorld: BeginTearingDown for /Game/2DSideScrollerBP/Maps/UEDPIE_0_2DSideScrollerExampleMap
[2020.09.17-18.08.19:167][942]LogSlate: Window 'Animate_Girl Preview [NetMode: Standalone] (64-bit/Windows) ' being destroyed
[2020.09.17-18.08.19:172][942]LogWorld: UWorld::CleanupWorld for 2DSideScrollerExampleMap, bSessionEnded=true, bCleanupResources=true
[2020.09.17-18.08.19:172][942]LogSlate: InvalidateAllWidgets triggered.  All widgets were invalidated
[2020.09.17-18.08.19:182][942]LogPlayLevel: Display: Shutting down PIE online subsystems
[2020.09.17-18.08.19:185][942]LogSlate: InvalidateAllWidgets triggered.  All widgets were invalidated
[2020.09.17-18.08.19:215][942]LogAISub: UAISubsystem::~UAISubsystem AIPerceptionSystem (0000011D3498B880), frame # 75942
[2020.09.17-18.08.19:215][942]LogAISub: UAISubsystem::~UAISubsystem EnvQueryManager (0000011D3313A200), frame # 75942
[2020.09.17-18.08.19:216][942]LogUObjectHash: Compacting FUObjectHashTables data took   1.33ms
[2020.09.17-18.08.19:237][943]LogPlayLevel: Display: Destroying online subsystem :Context_3
[2020.09.17-18.12.13:539][ 31]LogUObjectHash: Compacting FUObjectHashTables data took   1.66ms
[2020.09.17-18.12.20:776][ 31]LogSlate: Window 'Delete Assets' being destroyed
[2020.09.17-18.12.32:019][350]LogUObjectHash: Compacting FUObjectHashTables data took   1.31ms
[2020.09.17-18.12.33:455][350]LogSlate: Window 'Delete Assets' being destroyed
[2020.09.17-18.12.33:535][350]LogUObjectHash: Compacting FUObjectHashTables data took   1.35ms
[2020.09.17-18.12.33:549][350]LogUObjectHash: Compacting FUObjectHashTables data took   0.33ms
[2020.09.17-18.12.33:568][350]LogUObjectHash: Compacting FUObjectHashTables data took   1.25ms
[2020.09.17-18.12.33:582][350]LogUObjectHash: Compacting FUObjectHashTables data took   0.36ms
[2020.09.17-18.12.54:420][817]LogUObjectHash: Compacting FUObjectHashTables data took   1.47ms
[2020.09.17-18.12.56:052][817]LogSlate: Window 'Delete Assets' being destroyed
[2020.09.17-18.12.56:202][817]LogUObjectHash: Compacting FUObjectHashTables data took   1.34ms
[2020.09.17-18.12.56:216][817]LogUObjectHash: Compacting FUObjectHashTables data took   0.36ms
[2020.09.17-18.12.56:230][817]LogUObjectHash: Compacting FUObjectHashTables data took   0.37ms
[2020.09.17-18.12.56:243][817]LogUObjectHash: Compacting FUObjectHashTables data took   0.31ms
[2020.09.17-18.12.56:257][817]LogUObjectHash: Compacting FUObjectHashTables data took   0.40ms
[2020.09.17-18.12.56:270][817]LogUObjectHash: Compacting FUObjectHashTables data took   0.31ms
[2020.09.17-18.12.56:284][817]LogUObjectHash: Compacting FUObjectHashTables data took   0.32ms
[2020.09.17-18.12.56:297][817]LogUObjectHash: Compacting FUObjectHashTables data took   0.32ms
[2020.09.17-18.12.56:311][817]LogUObjectHash: Compacting FUObjectHashTables data took   0.31ms
[2020.09.17-18.12.56:324][817]LogUObjectHash: Compacting FUObjectHashTables data took   0.31ms
[2020.09.17-18.12.56:338][817]LogUObjectHash: Compacting FUObjectHashTables data took   0.32ms
[2020.09.17-18.12.56:351][817]LogUObjectHash: Compacting FUObjectHashTables data took   0.32ms
[2020.09.17-18.12.56:364][817]LogUObjectHash: Compacting FUObjectHashTables data took   0.31ms
[2020.09.17-18.12.56:378][817]LogUObjectHash: Compacting FUObjectHashTables data took   0.31ms
[2020.09.17-18.12.56:391][817]LogUObjectHash: Compacting FUObjectHashTables data took   0.31ms
[2020.09.17-18.12.56:408][817]LogUObjectHash: Compacting FUObjectHashTables data took   0.41ms
[2020.09.17-18.12.56:422][817]LogUObjectHash: Compacting FUObjectHashTables data took   0.38ms
[2020.09.17-18.12.56:436][817]LogUObjectHash: Compacting FUObjectHashTables data took   0.34ms
[2020.09.17-18.12.56:454][817]LogUObjectHash: Compacting FUObjectHashTables data took   1.02ms
[2020.09.17-18.12.56:466][817]LogUObjectHash: Compacting FUObjectHashTables data took   0.31ms
[2020.09.17-18.13.00:003][227]LogUObjectHash: Compacting FUObjectHashTables data took   1.04ms
[2020.09.17-18.13.00:973][227]LogSlate: Window 'Delete Assets' being destroyed
[2020.09.17-18.13.01:076][227]LogUObjectHash: Compacting FUObjectHashTables data took   1.28ms
[2020.09.17-18.13.01:101][227]LogUObjectHash: Compacting FUObjectHashTables data took   1.75ms
[2020.09.17-18.13.01:117][227]LogUObjectHash: Compacting FUObjectHashTables data took   0.38ms
[2020.09.17-18.13.04:657][474]LogUObjectHash: Compacting FUObjectHashTables data took   0.32ms
[2020.09.17-18.13.06:169][474]LogSlate: Window 'Save Content' being destroyed
[2020.09.17-18.13.06:212][474]LogUObjectHash: Compacting FUObjectHashTables data took   0.39ms
[2020.09.17-18.13.06:234][474]LogSavePackage: Moving '../../../../../../Users/kpearso1/Desktop/Animate_Girl/Saved/2DSideScrollerExampleMap668C34564DEAD716A84114A16EC487D4.tmp' to '../../../../../../Users/kpearso1/Desktop/Animate_Girl/Content/2DSideScrollerBP/Maps/2DSideScrollerExampleMap.umap'
[2020.09.17-18.13.06:258][474]LogFileHelpers: Saving map '2DSideScrollerExampleMap' took 0.061
[2020.09.17-18.13.06:271][474]LogSavePackage: Moving '../../../../../../Users/kpearso1/Desktop/Animate_Girl/Saved/2DSideScrollerExampleMap_BuiltDa20534DDE4AA20D2383C9828B55AADDB1.tmp' to '../../../../../../Users/kpearso1/Desktop/Animate_Girl/Content/2DSideScrollerBP/Maps/2DSideScrollerExampleMap_BuiltData.uasset'
[2020.09.17-18.13.06:272][474]Cmd: OBJ SAVEPACKAGE PACKAGE="/Game/2DSideScrollerBP/Textures/Girl_07" FILE="../../../../../../Users/kpearso1/Desktop/Animate_Girl/Content/2DSideScrollerBP/Textures/Girl_07.uasset" SILENT=true
[2020.09.17-18.13.06:391][474]LogSavePackage: Moving '../../../../../../Users/kpearso1/Desktop/Animate_Girl/Saved/Girl_079DC10A3247BAFF5917591BA64FFD94E3.tmp' to '../../../../../../Users/kpearso1/Desktop/Animate_Girl/Content/2DSideScrollerBP/Textures/Girl_07.uasset'
[2020.09.17-18.13.06:407][474]AssetCheck: New page: Asset Save: multiple assets
[2020.09.17-18.13.06:407][474]LogContentValidation: Display: Validating World /Game/2DSideScrollerBP/Maps/2DSideScrollerExampleMap.2DSideScrollerExampleMap
[2020.09.17-18.13.06:407][474]LogContentValidation: Display: Validating MapBuildDataRegistry /Game/2DSideScrollerBP/Maps/2DSideScrollerExampleMap_BuiltData.2DSideScrollerExampleMap_BuiltData
[2020.09.17-18.13.06:407][474]LogContentValidation: Display: Validating Texture2D /Game/2DSideScrollerBP/Textures/Girl_07.Girl_07
[2020.09.17-18.13.07:282][565]LogUObjectHash: Compacting FUObjectHashTables data took   0.36ms
[2020.09.17-18.13.07:304][565]LogSavePackage: Moving '../../../../../../Users/kpearso1/Desktop/Animate_Girl/Saved/2DSideScrollerExampleMapE62C11CD41F8482D80570BB8A0B15B9F.tmp' to '../../../../../../Users/kpearso1/Desktop/Animate_Girl/Content/2DSideScrollerBP/Maps/2DSideScrollerExampleMap.umap'
[2020.09.17-18.13.07:347][565]LogSavePackage: Moving '../../../../../../Users/kpearso1/Desktop/Animate_Girl/Saved/2DSideScrollerExampleMap_BuiltDa436332DA4A82C678097D4882388D00D8.tmp' to '../../../../../../Users/kpearso1/Desktop/Animate_Girl/Content/2DSideScrollerBP/Maps/2DSideScrollerExampleMap_BuiltData.uasset'
[2020.09.17-18.13.07:358][565]AssetCheck: New page: Asset Save: multiple assets
[2020.09.17-18.13.07:358][565]LogContentValidation: Display: Validating World /Game/2DSideScrollerBP/Maps/2DSideScrollerExampleMap.2DSideScrollerExampleMap
[2020.09.17-18.13.07:358][565]LogContentValidation: Display: Validating MapBuildDataRegistry /Game/2DSideScrollerBP/Maps/2DSideScrollerExampleMap_BuiltData.2DSideScrollerExampleMap_BuiltData
[2020.09.17-18.13.09:548][804]LogUObjectHash: Compacting FUObjectHashTables data took   0.47ms
[2020.09.17-18.13.09:565][804]LogSavePackage: Moving '../../../../../../Users/kpearso1/Desktop/Animate_Girl/Saved/2DSideScrollerExampleMap6EA92AE04C584B5B61211C851CDA0DBA.tmp' to '../../../../../../Users/kpearso1/Desktop/Animate_Girl/Content/2DSideScrollerBP/Maps/2DSideScrollerExampleMap.umap'
[2020.09.17-18.13.09:595][804]LogSavePackage: Moving '../../../../../../Users/kpearso1/Desktop/Animate_Girl/Saved/2DSideScrollerExampleMap_BuiltDa455CCB7A41F0F8B6D38AD5B9ACBD0B38.tmp' to '../../../../../../Users/kpearso1/Desktop/Animate_Girl/Content/2DSideScrollerBP/Maps/2DSideScrollerExampleMap_BuiltData.uasset'
[2020.09.17-18.13.09:606][804]AssetCheck: New page: Asset Save: multiple assets
[2020.09.17-18.13.09:606][804]LogContentValidation: Display: Validating World /Game/2DSideScrollerBP/Maps/2DSideScrollerExampleMap.2DSideScrollerExampleMap
[2020.09.17-18.13.09:606][804]LogContentValidation: Display: Validating MapBuildDataRegistry /Game/2DSideScrollerBP/Maps/2DSideScrollerExampleMap_BuiltData.2DSideScrollerExampleMap_BuiltData
[2020.09.17-18.13.13:891][283]LogUObjectHash: Compacting FUObjectHashTables data took   1.16ms
